ERROR - 2022-02-26 12:25:33 --> mysqli_sql_exception: Expression #1 of SELECT list is not in GROUP BY clause and contains nonaggregated column 'aspire_db_latest.mulla_attendance.id' which is not functionally dependent on columns in GROUP BY clause; this is incompatible with sql_mode=only_full_group_by in /home/vinnyvinny/code/projects/aspire/system/Database/MySQLi/Connection.php:331
Stack trace:
#0 /home/vinnyvinny/code/projects/aspire/system/Database/MySQLi/Connection.php(331): mysqli->query('SELECT *\nFROM `...')
#1 /home/vinnyvinny/code/projects/aspire/system/Database/BaseConnection.php(741): CodeIgniter\Database\MySQLi\Connection->execute('SELECT *\nFROM `...')
#2 /home/vinnyvinny/code/projects/aspire/system/Database/BaseConnection.php(669): CodeIgniter\Database\BaseConnection->simpleQuery('SELECT *\nFROM `...')
#3 /home/vinnyvinny/code/projects/aspire/system/Database/BaseBuilder.php(1860): CodeIgniter\Database\BaseConnection->query('SELECT *\nFROM `...', Array, false)
#4 /home/vinnyvinny/code/projects/aspire/system/Model.php(1818): CodeIgniter\Database\BaseBuilder->get()
#5 /home/vinnyvinny/code/projects/aspire/app/Controllers/Admin/Dashboard.php(68): CodeIgniter\Model->__call('get', Array)
#6 /home/vinnyvinny/code/projects/aspire/app/Controllers/Admin/Dashboard.php(36): App\Controllers\Admin\Dashboard->attendance()
#7 /home/vinnyvinny/code/projects/aspire/system/CodeIgniter.php(920): App\Controllers\Admin\Dashboard->getNotifications()
#8 /home/vinnyvinny/code/projects/aspire/system/CodeIgniter.php(406): CodeIgniter\CodeIgniter->runController(Object(App\Controllers\Admin\Dashboard))
#9 /home/vinnyvinny/code/projects/aspire/system/CodeIgniter.php(314): CodeIgniter\CodeIgniter->handleRequest(NULL, Object(Config\Cache), false)
#10 /home/vinnyvinny/code/projects/aspire/index.php(48): CodeIgniter\CodeIgniter->run()
#11 {main}
CRITICAL - 2022-02-26 12:25:33 --> Expression #1 of SELECT list is not in GROUP BY clause and contains nonaggregated column 'aspire_db_latest.mulla_attendance.id' which is not functionally dependent on columns in GROUP BY clause; this is incompatible with sql_mode=only_full_group_by
#0 /home/vinnyvinny/code/projects/aspire/system/Database/MySQLi/Connection.php(331): mysqli->query('SELECT *\nFROM `...')
#1 /home/vinnyvinny/code/projects/aspire/system/Database/BaseConnection.php(741): CodeIgniter\Database\MySQLi\Connection->execute('SELECT *\nFROM `...')
#2 /home/vinnyvinny/code/projects/aspire/system/Database/BaseConnection.php(669): CodeIgniter\Database\BaseConnection->simpleQuery('SELECT *\nFROM `...')
#3 /home/vinnyvinny/code/projects/aspire/system/Database/BaseBuilder.php(1860): CodeIgniter\Database\BaseConnection->query('SELECT *\nFROM `...', Array, false)
#4 /home/vinnyvinny/code/projects/aspire/system/Model.php(1818): CodeIgniter\Database\BaseBuilder->get()
#5 /home/vinnyvinny/code/projects/aspire/app/Controllers/Admin/Dashboard.php(68): CodeIgniter\Model->__call('get', Array)
#6 /home/vinnyvinny/code/projects/aspire/app/Controllers/Admin/Dashboard.php(36): App\Controllers\Admin\Dashboard->attendance()
#7 /home/vinnyvinny/code/projects/aspire/system/CodeIgniter.php(920): App\Controllers\Admin\Dashboard->getNotifications()
#8 /home/vinnyvinny/code/projects/aspire/system/CodeIgniter.php(406): CodeIgniter\CodeIgniter->runController(Object(App\Controllers\Admin\Dashboard))
#9 /home/vinnyvinny/code/projects/aspire/system/CodeIgniter.php(314): CodeIgniter\CodeIgniter->handleRequest(NULL, Object(Config\Cache), false)
#10 /home/vinnyvinny/code/projects/aspire/index.php(48): CodeIgniter\CodeIgniter->run()
#11 {main}
ERROR - 2022-02-26 12:40:19 --> mysqli_sql_exception: PROCEDURE aspire_db.Passessments does not exist in /home/vinnyvinny/code/projects/aspire/system/Database/MySQLi/Connection.php:331
Stack trace:
#0 /home/vinnyvinny/code/projects/aspire/system/Database/MySQLi/Connection.php(331): mysqli->query('CALL Passessmen...')
#1 /home/vinnyvinny/code/projects/aspire/system/Database/BaseConnection.php(741): CodeIgniter\Database\MySQLi\Connection->execute('CALL Passessmen...')
#2 /home/vinnyvinny/code/projects/aspire/system/Database/BaseConnection.php(669): CodeIgniter\Database\BaseConnection->simpleQuery('CALL Passessmen...')
#3 /home/vinnyvinny/code/projects/aspire/app/Libraries/YearlyResults.php(166): CodeIgniter\Database\BaseConnection->query('CALL Passessmen...')
#4 /home/vinnyvinny/code/projects/aspire/app/Libraries/YearlyResults.php(116): App\Libraries\YearlyResults->getSemesterManualContinuousAssessment('4', '537')
#5 /home/vinnyvinny/code/projects/aspire/app/Views/Academic/Certificate/student.php(49): App\Libraries\YearlyResults->getSemesterTotalResultsPerSubject('4', '537')
#6 /home/vinnyvinny/code/projects/aspire/system/View/View.php(246): include('/home/vinnyvinn...')
#7 /home/vinnyvinny/code/projects/aspire/system/Common.php(1119): CodeIgniter\View\View->render('Academic/Certif...', Array, true)
#8 /home/vinnyvinny/code/projects/aspire/app/Controllers/Academic/Certificate.php(46): view('Academic/Certif...', Array)
#9 /home/vinnyvinny/code/projects/aspire/system/CodeIgniter.php(920): App\Controllers\Academic\Certificate->getStudents()
#10 /home/vinnyvinny/code/projects/aspire/system/CodeIgniter.php(406): CodeIgniter\CodeIgniter->runController(Object(App\Controllers\Academic\Certificate))
#11 /home/vinnyvinny/code/projects/aspire/system/CodeIgniter.php(314): CodeIgniter\CodeIgniter->handleRequest(NULL, Object(Config\Cache), false)
#12 /home/vinnyvinny/code/projects/aspire/index.php(48): CodeIgniter\CodeIgniter->run()
#13 {main}
CRITICAL - 2022-02-26 12:40:19 --> PROCEDURE aspire_db.Passessments does not exist
#0 /home/vinnyvinny/code/projects/aspire/system/Database/MySQLi/Connection.php(331): mysqli->query('CALL Passessmen...')
#1 /home/vinnyvinny/code/projects/aspire/system/Database/BaseConnection.php(741): CodeIgniter\Database\MySQLi\Connection->execute('CALL Passessmen...')
#2 /home/vinnyvinny/code/projects/aspire/system/Database/BaseConnection.php(669): CodeIgniter\Database\BaseConnection->simpleQuery('CALL Passessmen...')
#3 /home/vinnyvinny/code/projects/aspire/app/Libraries/YearlyResults.php(166): CodeIgniter\Database\BaseConnection->query('CALL Passessmen...')
#4 /home/vinnyvinny/code/projects/aspire/app/Libraries/YearlyResults.php(116): App\Libraries\YearlyResults->getSemesterManualContinuousAssessment('4', '537')
#5 /home/vinnyvinny/code/projects/aspire/app/Views/Academic/Certificate/student.php(49): App\Libraries\YearlyResults->getSemesterTotalResultsPerSubject('4', '537')
#6 /home/vinnyvinny/code/projects/aspire/system/View/View.php(246): include('/home/vinnyvinn...')
#7 /home/vinnyvinny/code/projects/aspire/system/Common.php(1119): CodeIgniter\View\View->render('Academic/Certif...', Array, true)
#8 /home/vinnyvinny/code/projects/aspire/app/Controllers/Academic/Certificate.php(46): view('Academic/Certif...', Array)
#9 /home/vinnyvinny/code/projects/aspire/system/CodeIgniter.php(920): App\Controllers\Academic\Certificate->getStudents()
#10 /home/vinnyvinny/code/projects/aspire/system/CodeIgniter.php(406): CodeIgniter\CodeIgniter->runController(Object(App\Controllers\Academic\Certificate))
#11 /home/vinnyvinny/code/projects/aspire/system/CodeIgniter.php(314): CodeIgniter\CodeIgniter->handleRequest(NULL, Object(Config\Cache), false)
#12 /home/vinnyvinny/code/projects/aspire/index.php(48): CodeIgniter\CodeIgniter->run()
#13 {main}
CRITICAL - 2022-02-26 12:46:10 --> Undefined index: 4.615
#0 /home/vinnyvinny/code/projects/aspire/app/Views/Academic/Certificate/print.php(382): CodeIgniter\Debug\Exceptions->errorHandler(8, 'Undefined index...', '/home/vinnyvinn...', 382, Array)
#1 /home/vinnyvinny/code/projects/aspire/system/View/View.php(246): include('/home/vinnyvinn...')
#2 /home/vinnyvinny/code/projects/aspire/system/Common.php(1119): CodeIgniter\View\View->render('Academic/Certif...', Array, true)
#3 /home/vinnyvinny/code/projects/aspire/app/Controllers/Academic/Certificate.php(535): view('Academic/Certif...', Array)
#4 /home/vinnyvinny/code/projects/aspire/system/CodeIgniter.php(920): App\Controllers\Academic\Certificate->print(Object(App\Entities\Student))
#5 /home/vinnyvinny/code/projects/aspire/system/CodeIgniter.php(406): CodeIgniter\CodeIgniter->runController(Object(App\Controllers\Academic\Certificate))
#6 /home/vinnyvinny/code/projects/aspire/system/CodeIgniter.php(314): CodeIgniter\CodeIgniter->handleRequest(NULL, Object(Config\Cache), false)
#7 /home/vinnyvinny/code/projects/aspire/index.php(48): CodeIgniter\CodeIgniter->run()
#8 {main}
CRITICAL - 2022-02-26 12:57:40 --> syntax error, unexpected ')', expecting ']'
#0 /home/vinnyvinny/code/projects/aspire/system/Common.php(1119): CodeIgniter\View\View->render('Academic/Certif...', Array, true)
#1 /home/vinnyvinny/code/projects/aspire/app/Controllers/Academic/Certificate.php(63): view('Academic/Certif...', Array)
#2 /home/vinnyvinny/code/projects/aspire/system/CodeIgniter.php(920): App\Controllers\Academic\Certificate->downloadCert(Object(App\Entities\Student))
#3 /home/vinnyvinny/code/projects/aspire/system/CodeIgniter.php(406): CodeIgniter\CodeIgniter->runController(Object(App\Controllers\Academic\Certificate))
#4 /home/vinnyvinny/code/projects/aspire/system/CodeIgniter.php(314): CodeIgniter\CodeIgniter->handleRequest(NULL, Object(Config\Cache), false)
#5 /home/vinnyvinny/code/projects/aspire/index.php(48): CodeIgniter\CodeIgniter->run()
#6 {main}
CRITICAL - 2022-02-26 13:36:44 --> Undefined offset: 4
#0 /home/vinnyvinny/code/projects/aspire/app/Views/Academic/Certificate/sem1_only/print.php(527): CodeIgniter\Debug\Exceptions->errorHandler(8, 'Undefined offse...', '/home/vinnyvinn...', 527, Array)
#1 /home/vinnyvinny/code/projects/aspire/system/View/View.php(246): include('/home/vinnyvinn...')
#2 /home/vinnyvinny/code/projects/aspire/system/Common.php(1119): CodeIgniter\View\View->render('Academic/Certif...', Array, true)
#3 /home/vinnyvinny/code/projects/aspire/app/Controllers/Academic/Certificate.php(549): view('Academic/Certif...', Array)
#4 /home/vinnyvinny/code/projects/aspire/system/CodeIgniter.php(920): App\Controllers\Academic\Certificate->print(Object(App\Entities\Student))
#5 /home/vinnyvinny/code/projects/aspire/system/CodeIgniter.php(406): CodeIgniter\CodeIgniter->runController(Object(App\Controllers\Academic\Certificate))
#6 /home/vinnyvinny/code/projects/aspire/system/CodeIgniter.php(314): CodeIgniter\CodeIgniter->handleRequest(NULL, Object(Config\Cache), false)
#7 /home/vinnyvinny/code/projects/aspire/index.php(48): CodeIgniter\CodeIgniter->run()
#8 {main}
CRITICAL - 2022-02-26 13:37:49 --> Undefined offset: 594
#0 /home/vinnyvinny/code/projects/aspire/app/Views/Academic/Certificate/sem1_only/print.php(476): CodeIgniter\Debug\Exceptions->errorHandler(8, 'Undefined offse...', '/home/vinnyvinn...', 476, Array)
#1 /home/vinnyvinny/code/projects/aspire/system/View/View.php(246): include('/home/vinnyvinn...')
#2 /home/vinnyvinny/code/projects/aspire/system/Common.php(1119): CodeIgniter\View\View->render('Academic/Certif...', Array, true)
#3 /home/vinnyvinny/code/projects/aspire/app/Controllers/Academic/Certificate.php(549): view('Academic/Certif...', Array)
#4 /home/vinnyvinny/code/projects/aspire/system/CodeIgniter.php(920): App\Controllers\Academic\Certificate->print(Object(App\Entities\Student))
#5 /home/vinnyvinny/code/projects/aspire/system/CodeIgniter.php(406): CodeIgniter\CodeIgniter->runController(Object(App\Controllers\Academic\Certificate))
#6 /home/vinnyvinny/code/projects/aspire/system/CodeIgniter.php(314): CodeIgniter\CodeIgniter->handleRequest(NULL, Object(Config\Cache), false)
#7 /home/vinnyvinny/code/projects/aspire/index.php(48): CodeIgniter\CodeIgniter->run()
#8 {main}
CRITICAL - 2022-02-26 13:54:11 --> Call to undefined function get_session()
#0 /home/vinnyvinny/code/projects/aspire/system/View/View.php(246): include()
#1 /home/vinnyvinny/code/projects/aspire/system/Common.php(1119): CodeIgniter\View\View->render('Academic/Certif...', Array, true)
#2 /home/vinnyvinny/code/projects/aspire/app/Controllers/Academic/Certificate.php(549): view('Academic/Certif...', Array)
#3 /home/vinnyvinny/code/projects/aspire/system/CodeIgniter.php(920): App\Controllers\Academic\Certificate->print(Object(App\Entities\Student))
#4 /home/vinnyvinny/code/projects/aspire/system/CodeIgniter.php(406): CodeIgniter\CodeIgniter->runController(Object(App\Controllers\Academic\Certificate))
#5 /home/vinnyvinny/code/projects/aspire/system/CodeIgniter.php(314): CodeIgniter\CodeIgniter->handleRequest(NULL, Object(Config\Cache), false)
#6 /home/vinnyvinny/code/projects/aspire/index.php(48): CodeIgniter\CodeIgniter->run()
#7 {main}
CRITICAL - 2022-02-26 13:54:26 --> Trying to get property 'semesters' of non-object
#0 /home/vinnyvinny/code/projects/aspire/app/Views/Academic/Certificate/sem1_only/print.php(526): CodeIgniter\Debug\Exceptions->errorHandler(8, 'Trying to get p...', '/home/vinnyvinn...', 526, Array)
#1 /home/vinnyvinny/code/projects/aspire/system/View/View.php(246): include('/home/vinnyvinn...')
#2 /home/vinnyvinny/code/projects/aspire/system/Common.php(1119): CodeIgniter\View\View->render('Academic/Certif...', Array, true)
#3 /home/vinnyvinny/code/projects/aspire/app/Controllers/Academic/Certificate.php(549): view('Academic/Certif...', Array)
#4 /home/vinnyvinny/code/projects/aspire/system/CodeIgniter.php(920): App\Controllers\Academic\Certificate->print(Object(App\Entities\Student))
#5 /home/vinnyvinny/code/projects/aspire/system/CodeIgniter.php(406): CodeIgniter\CodeIgniter->runController(Object(App\Controllers\Academic\Certificate))
#6 /home/vinnyvinny/code/projects/aspire/system/CodeIgniter.php(314): CodeIgniter\CodeIgniter->handleRequest(NULL, Object(Config\Cache), false)
#7 /home/vinnyvinny/code/projects/aspire/index.php(48): CodeIgniter\CodeIgniter->run()
#8 {main}
CRITICAL - 2022-02-26 13:54:49 --> Call to undefined function get_session()
#0 /home/vinnyvinny/code/projects/aspire/system/View/View.php(246): include()
#1 /home/vinnyvinny/code/projects/aspire/system/Common.php(1119): CodeIgniter\View\View->render('Academic/Certif...', Array, true)
#2 /home/vinnyvinny/code/projects/aspire/app/Controllers/Academic/Certificate.php(549): view('Academic/Certif...', Array)
#3 /home/vinnyvinny/code/projects/aspire/system/CodeIgniter.php(920): App\Controllers\Academic\Certificate->print(Object(App\Entities\Student))
#4 /home/vinnyvinny/code/projects/aspire/system/CodeIgniter.php(406): CodeIgniter\CodeIgniter->runController(Object(App\Controllers\Academic\Certificate))
#5 /home/vinnyvinny/code/projects/aspire/system/CodeIgniter.php(314): CodeIgniter\CodeIgniter->handleRequest(NULL, Object(Config\Cache), false)
#6 /home/vinnyvinny/code/projects/aspire/index.php(48): CodeIgniter\CodeIgniter->run()
#7 {main}
CRITICAL - 2022-02-26 14:13:11 --> syntax error, unexpected 'else' (T_ELSE)
#0 /home/vinnyvinny/code/projects/aspire/system/Common.php(1119): CodeIgniter\View\View->render('Academic/Certif...', Array, true)
#1 /home/vinnyvinny/code/projects/aspire/app/Controllers/Academic/Certificate.php(540): view('Academic/Certif...', Array)
#2 /home/vinnyvinny/code/projects/aspire/system/CodeIgniter.php(920): App\Controllers\Academic\Certificate->print(Object(App\Entities\Student))
#3 /home/vinnyvinny/code/projects/aspire/system/CodeIgniter.php(406): CodeIgniter\CodeIgniter->runController(Object(App\Controllers\Academic\Certificate))
#4 /home/vinnyvinny/code/projects/aspire/system/CodeIgniter.php(314): CodeIgniter\CodeIgniter->handleRequest(NULL, Object(Config\Cache), false)
#5 /home/vinnyvinny/code/projects/aspire/index.php(48): CodeIgniter\CodeIgniter->run()
#6 {main}
