CRITICAL - 2022-03-04 06:45:15 --> Trying to get property 'id' of non-object
#0 /home/vinnyvinny/code/projects/aspire/app/Libraries/SemesterScores.php(20): CodeIgniter\Debug\Exceptions->errorHandler(8, 'Trying to get p...', '/home/vinnyvinn...', 20, Array)
#1 /home/vinnyvinny/code/projects/aspire/app/Controllers/Admin/Dashboard.php(33): SemesterScores->setScores()
#2 /home/vinnyvinny/code/projects/aspire/system/CodeIgniter.php(920): App\Controllers\Admin\Dashboard->index()
#3 /home/vinnyvinny/code/projects/aspire/system/CodeIgniter.php(406): CodeIgniter\CodeIgniter->runController(Object(App\Controllers\Admin\Dashboard))
#4 /home/vinnyvinny/code/projects/aspire/system/CodeIgniter.php(314): CodeIgniter\CodeIgniter->handleRequest(NULL, Object(Config\Cache), false)
#5 /home/vinnyvinny/code/projects/aspire/index.php(48): CodeIgniter\CodeIgniter->run()
#6 {main}
CRITICAL - 2022-03-04 06:46:24 --> Trying to get property 'id' of non-object
#0 /home/vinnyvinny/code/projects/aspire/app/Libraries/SemesterScores.php(20): CodeIgniter\Debug\Exceptions->errorHandler(8, 'Trying to get p...', '/home/vinnyvinn...', 20, Array)
#1 /home/vinnyvinny/code/projects/aspire/app/Controllers/Admin/Dashboard.php(33): SemesterScores->setScores()
#2 /home/vinnyvinny/code/projects/aspire/system/CodeIgniter.php(920): App\Controllers\Admin\Dashboard->index()
#3 /home/vinnyvinny/code/projects/aspire/system/CodeIgniter.php(406): CodeIgniter\CodeIgniter->runController(Object(App\Controllers\Admin\Dashboard))
#4 /home/vinnyvinny/code/projects/aspire/system/CodeIgniter.php(314): CodeIgniter\CodeIgniter->handleRequest(NULL, Object(Config\Cache), false)
#5 /home/vinnyvinny/code/projects/aspire/index.php(48): CodeIgniter\CodeIgniter->run()
#6 {main}
CRITICAL - 2022-03-04 06:49:55 --> Object of class App\Entities\Semester could not be converted to string
#0 /home/vinnyvinny/code/projects/aspire/app/Libraries/YearlyResults.php(167): CodeIgniter\Debug\Exceptions->errorHandler(4096, 'Object of class...', '/home/vinnyvinn...', 167, Array)
#1 /home/vinnyvinny/code/projects/aspire/app/Libraries/YearlyResults.php(117): App\Libraries\YearlyResults->getSemesterManualContinuousAssessment(Object(App\Entities\Semester), '551')
#2 /home/vinnyvinny/code/projects/aspire/app/Libraries/SemesterScores.php(20): App\Libraries\YearlyResults->getSemesterTotalResultsPerSubject(Object(App\Entities\Semester), '551', '261')
#3 /home/vinnyvinny/code/projects/aspire/app/Controllers/Admin/Dashboard.php(33): SemesterScores->setScores()
#4 /home/vinnyvinny/code/projects/aspire/system/CodeIgniter.php(920): App\Controllers\Admin\Dashboard->index()
#5 /home/vinnyvinny/code/projects/aspire/system/CodeIgniter.php(406): CodeIgniter\CodeIgniter->runController(Object(App\Controllers\Admin\Dashboard))
#6 /home/vinnyvinny/code/projects/aspire/system/CodeIgniter.php(314): CodeIgniter\CodeIgniter->handleRequest(NULL, Object(Config\Cache), false)
#7 /home/vinnyvinny/code/projects/aspire/index.php(48): CodeIgniter\CodeIgniter->run()
#8 {main}
CRITICAL - 2022-03-04 06:57:01 --> Object of class App\Entities\Semester could not be converted to string
#0 [internal function]: CodeIgniter\Debug\Exceptions->errorHandler(4096, 'Object of class...', '/home/vinnyvinn...', 443, Array)
#1 /home/vinnyvinny/code/projects/aspire/system/Database/Query.php(443): strtr('SELECT SUM(conv...', Array)
#2 /home/vinnyvinny/code/projects/aspire/system/Database/Query.php(404): CodeIgniter\Database\Query->matchNamedBinds('SELECT SUM(conv...', Array)
#3 /home/vinnyvinny/code/projects/aspire/system/Database/Query.php(197): CodeIgniter\Database\Query->compileBinds()
#4 /home/vinnyvinny/code/projects/aspire/system/Database/BaseConnection.php(669): CodeIgniter\Database\Query->getQuery()
#5 /home/vinnyvinny/code/projects/aspire/system/Database/BaseBuilder.php(1860): CodeIgniter\Database\BaseConnection->query('SELECT SUM(conv...', Array, false)
#6 /home/vinnyvinny/code/projects/aspire/app/Libraries/YearlyResults.php(182): CodeIgniter\Database\BaseBuilder->get()
#7 /home/vinnyvinny/code/projects/aspire/app/Libraries/YearlyResults.php(169): App\Libraries\YearlyResults->getSemesterManualAssessment(Object(App\Entities\Semester), '551')
#8 /home/vinnyvinny/code/projects/aspire/app/Libraries/YearlyResults.php(117): App\Libraries\YearlyResults->getSemesterManualContinuousAssessment(Object(App\Entities\Semester), '551')
#9 /home/vinnyvinny/code/projects/aspire/app/Libraries/SemesterScores.php(20): App\Libraries\YearlyResults->getSemesterTotalResultsPerSubject(Object(App\Entities\Semester), '551', '261')
#10 /home/vinnyvinny/code/projects/aspire/app/Controllers/Admin/Dashboard.php(33): SemesterScores->setScores()
#11 /home/vinnyvinny/code/projects/aspire/system/CodeIgniter.php(920): App\Controllers\Admin\Dashboard->index()
#12 /home/vinnyvinny/code/projects/aspire/system/CodeIgniter.php(406): CodeIgniter\CodeIgniter->runController(Object(App\Controllers\Admin\Dashboard))
#13 /home/vinnyvinny/code/projects/aspire/system/CodeIgniter.php(314): CodeIgniter\CodeIgniter->handleRequest(NULL, Object(Config\Cache), false)
#14 /home/vinnyvinny/code/projects/aspire/index.php(48): CodeIgniter\CodeIgniter->run()
#15 {main}
CRITICAL - 2022-03-04 06:57:33 --> Object of class App\Entities\Semester could not be converted to string
#0 [internal function]: CodeIgniter\Debug\Exceptions->errorHandler(4096, 'Object of class...', '/home/vinnyvinn...', 443, Array)
#1 /home/vinnyvinny/code/projects/aspire/system/Database/Query.php(443): strtr('SELECT SUM(conv...', Array)
#2 /home/vinnyvinny/code/projects/aspire/system/Database/Query.php(404): CodeIgniter\Database\Query->matchNamedBinds('SELECT SUM(conv...', Array)
#3 /home/vinnyvinny/code/projects/aspire/system/Database/Query.php(197): CodeIgniter\Database\Query->compileBinds()
#4 /home/vinnyvinny/code/projects/aspire/system/Database/BaseConnection.php(669): CodeIgniter\Database\Query->getQuery()
#5 /home/vinnyvinny/code/projects/aspire/system/Database/BaseBuilder.php(1860): CodeIgniter\Database\BaseConnection->query('SELECT SUM(conv...', Array, false)
#6 /home/vinnyvinny/code/projects/aspire/app/Libraries/YearlyResults.php(184): CodeIgniter\Database\BaseBuilder->get()
#7 /home/vinnyvinny/code/projects/aspire/app/Libraries/YearlyResults.php(169): App\Libraries\YearlyResults->getSemesterManualAssessment(Object(App\Entities\Semester), '551')
#8 /home/vinnyvinny/code/projects/aspire/app/Libraries/YearlyResults.php(117): App\Libraries\YearlyResults->getSemesterManualContinuousAssessment(Object(App\Entities\Semester), '551')
#9 /home/vinnyvinny/code/projects/aspire/app/Libraries/SemesterScores.php(20): App\Libraries\YearlyResults->getSemesterTotalResultsPerSubject(Object(App\Entities\Semester), '551', '261')
#10 /home/vinnyvinny/code/projects/aspire/app/Controllers/Admin/Dashboard.php(33): SemesterScores->setScores()
#11 /home/vinnyvinny/code/projects/aspire/system/CodeIgniter.php(920): App\Controllers\Admin\Dashboard->index()
#12 /home/vinnyvinny/code/projects/aspire/system/CodeIgniter.php(406): CodeIgniter\CodeIgniter->runController(Object(App\Controllers\Admin\Dashboard))
#13 /home/vinnyvinny/code/projects/aspire/system/CodeIgniter.php(314): CodeIgniter\CodeIgniter->handleRequest(NULL, Object(Config\Cache), false)
#14 /home/vinnyvinny/code/projects/aspire/index.php(48): CodeIgniter\CodeIgniter->run()
#15 {main}
CRITICAL - 2022-03-04 06:59:28 --> Object of class App\Entities\Semester could not be converted to string
#0 [internal function]: CodeIgniter\Debug\Exceptions->errorHandler(4096, 'Object of class...', '/home/vinnyvinn...', 443, Array)
#1 /home/vinnyvinny/code/projects/aspire/system/Database/Query.php(443): strtr('SELECT SUM(conv...', Array)
#2 /home/vinnyvinny/code/projects/aspire/system/Database/Query.php(404): CodeIgniter\Database\Query->matchNamedBinds('SELECT SUM(conv...', Array)
#3 /home/vinnyvinny/code/projects/aspire/system/Database/Query.php(197): CodeIgniter\Database\Query->compileBinds()
#4 /home/vinnyvinny/code/projects/aspire/system/Database/BaseConnection.php(669): CodeIgniter\Database\Query->getQuery()
#5 /home/vinnyvinny/code/projects/aspire/system/Database/BaseBuilder.php(1860): CodeIgniter\Database\BaseConnection->query('SELECT SUM(conv...', Array, false)
#6 /home/vinnyvinny/code/projects/aspire/app/Libraries/YearlyResults.php(184): CodeIgniter\Database\BaseBuilder->get()
#7 /home/vinnyvinny/code/projects/aspire/app/Libraries/YearlyResults.php(169): App\Libraries\YearlyResults->getSemesterManualAssessment(Object(App\Entities\Semester), '551')
#8 /home/vinnyvinny/code/projects/aspire/app/Libraries/YearlyResults.php(117): App\Libraries\YearlyResults->getSemesterManualContinuousAssessment(Object(App\Entities\Semester), '551')
#9 /home/vinnyvinny/code/projects/aspire/app/Libraries/SemesterScores.php(20): App\Libraries\YearlyResults->getSemesterTotalResultsPerSubject(Object(App\Entities\Semester), '551', '261')
#10 /home/vinnyvinny/code/projects/aspire/app/Controllers/Admin/Dashboard.php(33): SemesterScores->setScores()
#11 /home/vinnyvinny/code/projects/aspire/system/CodeIgniter.php(920): App\Controllers\Admin\Dashboard->index()
#12 /home/vinnyvinny/code/projects/aspire/system/CodeIgniter.php(406): CodeIgniter\CodeIgniter->runController(Object(App\Controllers\Admin\Dashboard))
#13 /home/vinnyvinny/code/projects/aspire/system/CodeIgniter.php(314): CodeIgniter\CodeIgniter->handleRequest(NULL, Object(Config\Cache), false)
#14 /home/vinnyvinny/code/projects/aspire/index.php(48): CodeIgniter\CodeIgniter->run()
#15 {main}
CRITICAL - 2022-03-04 08:47:05 --> syntax error, unexpected '$result' (T_VARIABLE)
#0 /home/vinnyvinny/code/projects/aspire/system/Autoloader/Autoloader.php(296): CodeIgniter\Autoloader\Autoloader->requireFile('/home/vinnyvinn...')
#1 /home/vinnyvinny/code/projects/aspire/system/Autoloader/Autoloader.php(258): CodeIgniter\Autoloader\Autoloader->loadInNamespace('App\\Libraries\\Y...')
#2 [internal function]: CodeIgniter\Autoloader\Autoloader->loadClass('App\\Libraries\\Y...')
#3 /home/vinnyvinny/code/projects/aspire/app/Libraries/SemesterScores.php(18): spl_autoload_call('App\\Libraries\\Y...')
#4 /home/vinnyvinny/code/projects/aspire/app/Controllers/Admin/Dashboard.php(33): SemesterScores->setScores()
#5 /home/vinnyvinny/code/projects/aspire/system/CodeIgniter.php(920): App\Controllers\Admin\Dashboard->index()
#6 /home/vinnyvinny/code/projects/aspire/system/CodeIgniter.php(406): CodeIgniter\CodeIgniter->runController(Object(App\Controllers\Admin\Dashboard))
#7 /home/vinnyvinny/code/projects/aspire/system/CodeIgniter.php(314): CodeIgniter\CodeIgniter->handleRequest(NULL, Object(Config\Cache), false)
#8 /home/vinnyvinny/code/projects/aspire/index.php(48): CodeIgniter\CodeIgniter->run()
#9 {main}
CRITICAL - 2022-03-04 08:47:38 --> Object of class App\Entities\Semester could not be converted to string
#0 [internal function]: CodeIgniter\Debug\Exceptions->errorHandler(4096, 'Object of class...', '/home/vinnyvinn...', 443, Array)
#1 /home/vinnyvinny/code/projects/aspire/system/Database/Query.php(443): strtr('SELECT SUM(conv...', Array)
#2 /home/vinnyvinny/code/projects/aspire/system/Database/Query.php(404): CodeIgniter\Database\Query->matchNamedBinds('SELECT SUM(conv...', Array)
#3 /home/vinnyvinny/code/projects/aspire/system/Database/Query.php(197): CodeIgniter\Database\Query->compileBinds()
#4 /home/vinnyvinny/code/projects/aspire/system/Database/BaseConnection.php(669): CodeIgniter\Database\Query->getQuery()
#5 /home/vinnyvinny/code/projects/aspire/system/Database/BaseBuilder.php(1860): CodeIgniter\Database\BaseConnection->query('SELECT SUM(conv...', Array, false)
#6 /home/vinnyvinny/code/projects/aspire/system/Model.php(1818): CodeIgniter\Database\BaseBuilder->get()
#7 /home/vinnyvinny/code/projects/aspire/app/Libraries/YearlyResults.php(183): CodeIgniter\Model->__call('get', Array)
#8 /home/vinnyvinny/code/projects/aspire/app/Libraries/YearlyResults.php(169): App\Libraries\YearlyResults->getSemesterManualAssessment(Object(App\Entities\Semester), '551')
#9 /home/vinnyvinny/code/projects/aspire/app/Libraries/YearlyResults.php(117): App\Libraries\YearlyResults->getSemesterManualContinuousAssessment(Object(App\Entities\Semester), '551')
#10 /home/vinnyvinny/code/projects/aspire/app/Libraries/SemesterScores.php(20): App\Libraries\YearlyResults->getSemesterTotalResultsPerSubject(Object(App\Entities\Semester), '551', '261')
#11 /home/vinnyvinny/code/projects/aspire/app/Controllers/Admin/Dashboard.php(33): SemesterScores->setScores()
#12 /home/vinnyvinny/code/projects/aspire/system/CodeIgniter.php(920): App\Controllers\Admin\Dashboard->index()
#13 /home/vinnyvinny/code/projects/aspire/system/CodeIgniter.php(406): CodeIgniter\CodeIgniter->runController(Object(App\Controllers\Admin\Dashboard))
#14 /home/vinnyvinny/code/projects/aspire/system/CodeIgniter.php(314): CodeIgniter\CodeIgniter->handleRequest(NULL, Object(Config\Cache), false)
#15 /home/vinnyvinny/code/projects/aspire/index.php(48): CodeIgniter\CodeIgniter->run()
#16 {main}
CRITICAL - 2022-03-04 08:51:26 --> Wrong parameter count for number_format()
#0 [internal function]: CodeIgniter\Debug\Exceptions->errorHandler(2, 'Wrong parameter...', '/home/vinnyvinn...', 27, Array)
#1 /home/vinnyvinny/code/projects/aspire/app/Libraries/SemesterScores.php(27): number_format(54.4375, 2, '.')
#2 /home/vinnyvinny/code/projects/aspire/app/Controllers/Admin/Dashboard.php(33): SemesterScores->setScores()
#3 /home/vinnyvinny/code/projects/aspire/system/CodeIgniter.php(920): App\Controllers\Admin\Dashboard->index()
#4 /home/vinnyvinny/code/projects/aspire/system/CodeIgniter.php(406): CodeIgniter\CodeIgniter->runController(Object(App\Controllers\Admin\Dashboard))
#5 /home/vinnyvinny/code/projects/aspire/system/CodeIgniter.php(314): CodeIgniter\CodeIgniter->handleRequest(NULL, Object(Config\Cache), false)
#6 /home/vinnyvinny/code/projects/aspire/index.php(48): CodeIgniter\CodeIgniter->run()
#7 {main}
CRITICAL - 2022-03-04 09:26:30 --> Trying to get property 'id' of non-object
#0 /home/vinnyvinny/code/projects/aspire/app/Libraries/SemesterScores.php(69): CodeIgniter\Debug\Exceptions->errorHandler(8, 'Trying to get p...', '/home/vinnyvinn...', 69, Array)
#1 /home/vinnyvinny/code/projects/aspire/app/Libraries/SemesterScores.php(29): SemesterScores->insertScores('1948', '76', '261', 0, '0.00')
#2 /home/vinnyvinny/code/projects/aspire/app/Controllers/Admin/Dashboard.php(33): SemesterScores->setScores()
#3 /home/vinnyvinny/code/projects/aspire/system/CodeIgniter.php(920): App\Controllers\Admin\Dashboard->index()
#4 /home/vinnyvinny/code/projects/aspire/system/CodeIgniter.php(406): CodeIgniter\CodeIgniter->runController(Object(App\Controllers\Admin\Dashboard))
#5 /home/vinnyvinny/code/projects/aspire/system/CodeIgniter.php(314): CodeIgniter\CodeIgniter->handleRequest(NULL, Object(Config\Cache), false)
#6 /home/vinnyvinny/code/projects/aspire/index.php(48): CodeIgniter\CodeIgniter->run()
#7 {main}
CRITICAL - 2022-03-04 09:28:38 --> Trying to get property 'id' of non-object
#0 /home/vinnyvinny/code/projects/aspire/app/Libraries/SemesterScores.php(69): CodeIgniter\Debug\Exceptions->errorHandler(8, 'Trying to get p...', '/home/vinnyvinn...', 69, Array)
#1 /home/vinnyvinny/code/projects/aspire/app/Libraries/SemesterScores.php(29): SemesterScores->insertScores('1948', '76', '261', 435.5, '54.44')
#2 /home/vinnyvinny/code/projects/aspire/app/Controllers/Admin/Dashboard.php(33): SemesterScores->setScores()
#3 /home/vinnyvinny/code/projects/aspire/system/CodeIgniter.php(920): App\Controllers\Admin\Dashboard->index()
#4 /home/vinnyvinny/code/projects/aspire/system/CodeIgniter.php(406): CodeIgniter\CodeIgniter->runController(Object(App\Controllers\Admin\Dashboard))
#5 /home/vinnyvinny/code/projects/aspire/system/CodeIgniter.php(314): CodeIgniter\CodeIgniter->handleRequest(NULL, Object(Config\Cache), false)
#6 /home/vinnyvinny/code/projects/aspire/index.php(48): CodeIgniter\CodeIgniter->run()
#7 {main}
