ERROR - 2022-03-07 09:45:09 --> mysqli_sql_exception: Expression #1 of SELECT list is not in GROUP BY clause and contains nonaggregated column 'aspire_db.mulla_exam_results.id' which is not functionally dependent on columns in GROUP BY clause; this is incompatible with sql_mode=only_full_group_by in /home/vinnyvinny/code/projects/aspire/system/Database/MySQLi/Connection.php:331
Stack trace:
#0 /home/vinnyvinny/code/projects/aspire/system/Database/MySQLi/Connection.php(331): mysqli->query('SELECT `id`\nFRO...')
#1 /home/vinnyvinny/code/projects/aspire/system/Database/BaseConnection.php(741): CodeIgniter\Database\MySQLi\Connection->execute('SELECT `id`\nFRO...')
#2 /home/vinnyvinny/code/projects/aspire/system/Database/BaseConnection.php(669): CodeIgniter\Database\BaseConnection->simpleQuery('SELECT `id`\nFRO...')
#3 /home/vinnyvinny/code/projects/aspire/system/Database/BaseBuilder.php(1860): CodeIgniter\Database\BaseConnection->query('SELECT `id`\nFRO...', Array, false)
#4 /home/vinnyvinny/code/projects/aspire/system/Model.php(1818): CodeIgniter\Database\BaseBuilder->get()
#5 /home/vinnyvinny/code/projects/aspire/app/Libraries/YearlyResults.php(229): CodeIgniter\Model->__call('get', Array)
#6 /home/vinnyvinny/code/projects/aspire/app/Libraries/YearlyResults.php(119): App\Libraries\YearlyResults->getSemesterExams('4', '551')
#7 /home/vinnyvinny/code/projects/aspire/app/Libraries/SemesterScores.php(20): App\Libraries\YearlyResults->getSemesterTotalResultsPerSubject('4', '551', '261')
#8 /home/vinnyvinny/code/projects/aspire/app/Controllers/Admin/Dashboard.php(36): SemesterScores->setScores()
#9 /home/vinnyvinny/code/projects/aspire/system/CodeIgniter.php(920): App\Controllers\Admin\Dashboard->index()
#10 /home/vinnyvinny/code/projects/aspire/system/CodeIgniter.php(406): CodeIgniter\CodeIgniter->runController(Object(App\Controllers\Admin\Dashboard))
#11 /home/vinnyvinny/code/projects/aspire/system/CodeIgniter.php(314): CodeIgniter\CodeIgniter->handleRequest(NULL, Object(Config\Cache), false)
#12 /home/vinnyvinny/code/projects/aspire/index.php(48): CodeIgniter\CodeIgniter->run()
#13 {main}
CRITICAL - 2022-03-07 09:45:09 --> Expression #1 of SELECT list is not in GROUP BY clause and contains nonaggregated column 'aspire_db.mulla_exam_results.id' which is not functionally dependent on columns in GROUP BY clause; this is incompatible with sql_mode=only_full_group_by
#0 /home/vinnyvinny/code/projects/aspire/system/Database/MySQLi/Connection.php(331): mysqli->query('SELECT `id`\nFRO...')
#1 /home/vinnyvinny/code/projects/aspire/system/Database/BaseConnection.php(741): CodeIgniter\Database\MySQLi\Connection->execute('SELECT `id`\nFRO...')
#2 /home/vinnyvinny/code/projects/aspire/system/Database/BaseConnection.php(669): CodeIgniter\Database\BaseConnection->simpleQuery('SELECT `id`\nFRO...')
#3 /home/vinnyvinny/code/projects/aspire/system/Database/BaseBuilder.php(1860): CodeIgniter\Database\BaseConnection->query('SELECT `id`\nFRO...', Array, false)
#4 /home/vinnyvinny/code/projects/aspire/system/Model.php(1818): CodeIgniter\Database\BaseBuilder->get()
#5 /home/vinnyvinny/code/projects/aspire/app/Libraries/YearlyResults.php(229): CodeIgniter\Model->__call('get', Array)
#6 /home/vinnyvinny/code/projects/aspire/app/Libraries/YearlyResults.php(119): App\Libraries\YearlyResults->getSemesterExams('4', '551')
#7 /home/vinnyvinny/code/projects/aspire/app/Libraries/SemesterScores.php(20): App\Libraries\YearlyResults->getSemesterTotalResultsPerSubject('4', '551', '261')
#8 /home/vinnyvinny/code/projects/aspire/app/Controllers/Admin/Dashboard.php(36): SemesterScores->setScores()
#9 /home/vinnyvinny/code/projects/aspire/system/CodeIgniter.php(920): App\Controllers\Admin\Dashboard->index()
#10 /home/vinnyvinny/code/projects/aspire/system/CodeIgniter.php(406): CodeIgniter\CodeIgniter->runController(Object(App\Controllers\Admin\Dashboard))
#11 /home/vinnyvinny/code/projects/aspire/system/CodeIgniter.php(314): CodeIgniter\CodeIgniter->handleRequest(NULL, Object(Config\Cache), false)
#12 /home/vinnyvinny/code/projects/aspire/index.php(48): CodeIgniter\CodeIgniter->run()
#13 {main}
ERROR - 2022-03-07 09:45:15 --> mysqli_sql_exception: Expression #1 of SELECT list is not in GROUP BY clause and contains nonaggregated column 'aspire_db.mulla_exam_results.id' which is not functionally dependent on columns in GROUP BY clause; this is incompatible with sql_mode=only_full_group_by in /home/vinnyvinny/code/projects/aspire/system/Database/MySQLi/Connection.php:331
Stack trace:
#0 /home/vinnyvinny/code/projects/aspire/system/Database/MySQLi/Connection.php(331): mysqli->query('SELECT `id`\nFRO...')
#1 /home/vinnyvinny/code/projects/aspire/system/Database/BaseConnection.php(741): CodeIgniter\Database\MySQLi\Connection->execute('SELECT `id`\nFRO...')
#2 /home/vinnyvinny/code/projects/aspire/system/Database/BaseConnection.php(669): CodeIgniter\Database\BaseConnection->simpleQuery('SELECT `id`\nFRO...')
#3 /home/vinnyvinny/code/projects/aspire/system/Database/BaseBuilder.php(1860): CodeIgniter\Database\BaseConnection->query('SELECT `id`\nFRO...', Array, false)
#4 /home/vinnyvinny/code/projects/aspire/system/Model.php(1818): CodeIgniter\Database\BaseBuilder->get()
#5 /home/vinnyvinny/code/projects/aspire/app/Libraries/YearlyResults.php(229): CodeIgniter\Model->__call('get', Array)
#6 /home/vinnyvinny/code/projects/aspire/app/Libraries/YearlyResults.php(119): App\Libraries\YearlyResults->getSemesterExams('4', '551')
#7 /home/vinnyvinny/code/projects/aspire/app/Libraries/SemesterScores.php(20): App\Libraries\YearlyResults->getSemesterTotalResultsPerSubject('4', '551', '261')
#8 /home/vinnyvinny/code/projects/aspire/app/Controllers/Admin/Dashboard.php(36): SemesterScores->setScores()
#9 /home/vinnyvinny/code/projects/aspire/system/CodeIgniter.php(920): App\Controllers\Admin\Dashboard->index()
#10 /home/vinnyvinny/code/projects/aspire/system/CodeIgniter.php(406): CodeIgniter\CodeIgniter->runController(Object(App\Controllers\Admin\Dashboard))
#11 /home/vinnyvinny/code/projects/aspire/system/CodeIgniter.php(314): CodeIgniter\CodeIgniter->handleRequest(NULL, Object(Config\Cache), false)
#12 /home/vinnyvinny/code/projects/aspire/index.php(48): CodeIgniter\CodeIgniter->run()
#13 {main}
CRITICAL - 2022-03-07 09:45:15 --> Expression #1 of SELECT list is not in GROUP BY clause and contains nonaggregated column 'aspire_db.mulla_exam_results.id' which is not functionally dependent on columns in GROUP BY clause; this is incompatible with sql_mode=only_full_group_by
#0 /home/vinnyvinny/code/projects/aspire/system/Database/MySQLi/Connection.php(331): mysqli->query('SELECT `id`\nFRO...')
#1 /home/vinnyvinny/code/projects/aspire/system/Database/BaseConnection.php(741): CodeIgniter\Database\MySQLi\Connection->execute('SELECT `id`\nFRO...')
#2 /home/vinnyvinny/code/projects/aspire/system/Database/BaseConnection.php(669): CodeIgniter\Database\BaseConnection->simpleQuery('SELECT `id`\nFRO...')
#3 /home/vinnyvinny/code/projects/aspire/system/Database/BaseBuilder.php(1860): CodeIgniter\Database\BaseConnection->query('SELECT `id`\nFRO...', Array, false)
#4 /home/vinnyvinny/code/projects/aspire/system/Model.php(1818): CodeIgniter\Database\BaseBuilder->get()
#5 /home/vinnyvinny/code/projects/aspire/app/Libraries/YearlyResults.php(229): CodeIgniter\Model->__call('get', Array)
#6 /home/vinnyvinny/code/projects/aspire/app/Libraries/YearlyResults.php(119): App\Libraries\YearlyResults->getSemesterExams('4', '551')
#7 /home/vinnyvinny/code/projects/aspire/app/Libraries/SemesterScores.php(20): App\Libraries\YearlyResults->getSemesterTotalResultsPerSubject('4', '551', '261')
#8 /home/vinnyvinny/code/projects/aspire/app/Controllers/Admin/Dashboard.php(36): SemesterScores->setScores()
#9 /home/vinnyvinny/code/projects/aspire/system/CodeIgniter.php(920): App\Controllers\Admin\Dashboard->index()
#10 /home/vinnyvinny/code/projects/aspire/system/CodeIgniter.php(406): CodeIgniter\CodeIgniter->runController(Object(App\Controllers\Admin\Dashboard))
#11 /home/vinnyvinny/code/projects/aspire/system/CodeIgniter.php(314): CodeIgniter\CodeIgniter->handleRequest(NULL, Object(Config\Cache), false)
#12 /home/vinnyvinny/code/projects/aspire/index.php(48): CodeIgniter\CodeIgniter->run()
#13 {main}
CRITICAL - 2022-03-07 09:57:34 --> Wrong parameter count for number_format()
#0 [internal function]: CodeIgniter\Debug\Exceptions->errorHandler(2, 'Wrong parameter...', '/home/vinnyvinn...', 49, Array)
#1 /home/vinnyvinny/code/projects/aspire/app/Libraries/SemesterScores.php(49): number_format(55.65, 2, '.')
#2 /home/vinnyvinny/code/projects/aspire/app/Controllers/Admin/Dashboard.php(37): SemesterScores->setScoresKG()
#3 /home/vinnyvinny/code/projects/aspire/system/CodeIgniter.php(920): App\Controllers\Admin\Dashboard->index()
#4 /home/vinnyvinny/code/projects/aspire/system/CodeIgniter.php(406): CodeIgniter\CodeIgniter->runController(Object(App\Controllers\Admin\Dashboard))
#5 /home/vinnyvinny/code/projects/aspire/system/CodeIgniter.php(314): CodeIgniter\CodeIgniter->handleRequest(NULL, Object(Config\Cache), false)
#6 /home/vinnyvinny/code/projects/aspire/index.php(48): CodeIgniter\CodeIgniter->run()
#7 {main}
CRITICAL - 2022-03-07 09:58:16 --> Trying to get property 'id' of non-object
#0 /home/vinnyvinny/code/projects/aspire/app/Libraries/SemesterScores.php(50): CodeIgniter\Debug\Exceptions->errorHandler(8, 'Trying to get p...', '/home/vinnyvinn...', 50, Array)
#1 /home/vinnyvinny/code/projects/aspire/app/Controllers/Admin/Dashboard.php(37): SemesterScores->setScoresKG()
#2 /home/vinnyvinny/code/projects/aspire/system/CodeIgniter.php(920): App\Controllers\Admin\Dashboard->index()
#3 /home/vinnyvinny/code/projects/aspire/system/CodeIgniter.php(406): CodeIgniter\CodeIgniter->runController(Object(App\Controllers\Admin\Dashboard))
#4 /home/vinnyvinny/code/projects/aspire/system/CodeIgniter.php(314): CodeIgniter\CodeIgniter->handleRequest(NULL, Object(Config\Cache), false)
#5 /home/vinnyvinny/code/projects/aspire/index.php(48): CodeIgniter\CodeIgniter->run()
#6 {main}
CRITICAL - 2022-03-07 10:57:02 --> Trying to get property 'id' of non-object
#0 /home/vinnyvinny/code/projects/aspire/app/Controllers/Admin/Dashboard.php(41): CodeIgniter\Debug\Exceptions->errorHandler(8, 'Trying to get p...', '/home/vinnyvinn...', 41, Array)
#1 /home/vinnyvinny/code/projects/aspire/system/CodeIgniter.php(920): App\Controllers\Admin\Dashboard->index()
#2 /home/vinnyvinny/code/projects/aspire/system/CodeIgniter.php(406): CodeIgniter\CodeIgniter->runController(Object(App\Controllers\Admin\Dashboard))
#3 /home/vinnyvinny/code/projects/aspire/system/CodeIgniter.php(314): CodeIgniter\CodeIgniter->handleRequest(NULL, Object(Config\Cache), false)
#4 /home/vinnyvinny/code/projects/aspire/index.php(48): CodeIgniter\CodeIgniter->run()
#5 {main}
CRITICAL - 2022-03-07 10:58:03 --> Undefined property: stdClass::$total
#0 /home/vinnyvinny/code/projects/aspire/app/Libraries/SemesterScores.php(97): CodeIgniter\Debug\Exceptions->errorHandler(8, 'Undefined prope...', '/home/vinnyvinn...', 97, Array)
#1 /home/vinnyvinny/code/projects/aspire/app/Controllers/Admin/Dashboard.php(42): SemesterScores->setRanks('79')
#2 /home/vinnyvinny/code/projects/aspire/system/CodeIgniter.php(920): App\Controllers\Admin\Dashboard->index()
#3 /home/vinnyvinny/code/projects/aspire/system/CodeIgniter.php(406): CodeIgniter\CodeIgniter->runController(Object(App\Controllers\Admin\Dashboard))
#4 /home/vinnyvinny/code/projects/aspire/system/CodeIgniter.php(314): CodeIgniter\CodeIgniter->handleRequest(NULL, Object(Config\Cache), false)
#5 /home/vinnyvinny/code/projects/aspire/index.php(48): CodeIgniter\CodeIgniter->run()
#6 {main}
CRITICAL - 2022-03-07 11:02:53 --> Trying to get property 'id' of non-object
#0 /home/vinnyvinny/code/projects/aspire/app/Libraries/SemesterScores.php(114): CodeIgniter\Debug\Exceptions->errorHandler(8, 'Trying to get p...', '/home/vinnyvinn...', 114, Array)
#1 /home/vinnyvinny/code/projects/aspire/app/Libraries/SemesterScores.php(103): SemesterScores->insertRanks(Object(App\Entities\Student), 1)
#2 /home/vinnyvinny/code/projects/aspire/app/Controllers/Admin/Dashboard.php(42): SemesterScores->setRanks('79')
#3 /home/vinnyvinny/code/projects/aspire/system/CodeIgniter.php(920): App\Controllers\Admin\Dashboard->index()
#4 /home/vinnyvinny/code/projects/aspire/system/CodeIgniter.php(406): CodeIgniter\CodeIgniter->runController(Object(App\Controllers\Admin\Dashboard))
#5 /home/vinnyvinny/code/projects/aspire/system/CodeIgniter.php(314): CodeIgniter\CodeIgniter->handleRequest(NULL, Object(Config\Cache), false)
#6 /home/vinnyvinny/code/projects/aspire/index.php(48): CodeIgniter\CodeIgniter->run()
#7 {main}
ERROR - 2022-03-07 11:03:16 --> mysqli_sql_exception: Unknown column 'rank' in 'field list' in /home/vinnyvinny/code/projects/aspire/system/Database/MySQLi/Connection.php:331
Stack trace:
#0 /home/vinnyvinny/code/projects/aspire/system/Database/MySQLi/Connection.php(331): mysqli->query('UPDATE `mulla_s...')
#1 /home/vinnyvinny/code/projects/aspire/system/Database/BaseConnection.php(741): CodeIgniter\Database\MySQLi\Connection->execute('UPDATE `mulla_s...')
#2 /home/vinnyvinny/code/projects/aspire/system/Database/BaseConnection.php(669): CodeIgniter\Database\BaseConnection->simpleQuery('UPDATE `mulla_s...')
#3 /home/vinnyvinny/code/projects/aspire/system/Database/BaseBuilder.php(2456): CodeIgniter\Database\BaseConnection->query('UPDATE `mulla_s...', Array, false)
#4 /home/vinnyvinny/code/projects/aspire/system/Model.php(889): CodeIgniter\Database\BaseBuilder->update()
#5 /home/vinnyvinny/code/projects/aspire/system/Model.php(570): CodeIgniter\Model->update(Array, Array)
#6 /home/vinnyvinny/code/projects/aspire/app/Libraries/SemesterScores.php(122): CodeIgniter\Model->save(Array)
#7 /home/vinnyvinny/code/projects/aspire/app/Libraries/SemesterScores.php(103): SemesterScores->insertRanks(Object(App\Entities\Student), 1)
#8 /home/vinnyvinny/code/projects/aspire/app/Controllers/Admin/Dashboard.php(42): SemesterScores->setRanks('79')
#9 /home/vinnyvinny/code/projects/aspire/system/CodeIgniter.php(920): App\Controllers\Admin\Dashboard->index()
#10 /home/vinnyvinny/code/projects/aspire/system/CodeIgniter.php(406): CodeIgniter\CodeIgniter->runController(Object(App\Controllers\Admin\Dashboard))
#11 /home/vinnyvinny/code/projects/aspire/system/CodeIgniter.php(314): CodeIgniter\CodeIgniter->handleRequest(NULL, Object(Config\Cache), false)
#12 /home/vinnyvinny/code/projects/aspire/index.php(48): CodeIgniter\CodeIgniter->run()
#13 {main}
CRITICAL - 2022-03-07 11:03:16 --> Unknown column 'rank' in 'field list'
#0 /home/vinnyvinny/code/projects/aspire/system/Database/MySQLi/Connection.php(331): mysqli->query('UPDATE `mulla_s...')
#1 /home/vinnyvinny/code/projects/aspire/system/Database/BaseConnection.php(741): CodeIgniter\Database\MySQLi\Connection->execute('UPDATE `mulla_s...')
#2 /home/vinnyvinny/code/projects/aspire/system/Database/BaseConnection.php(669): CodeIgniter\Database\BaseConnection->simpleQuery('UPDATE `mulla_s...')
#3 /home/vinnyvinny/code/projects/aspire/system/Database/BaseBuilder.php(2456): CodeIgniter\Database\BaseConnection->query('UPDATE `mulla_s...', Array, false)
#4 /home/vinnyvinny/code/projects/aspire/system/Model.php(889): CodeIgniter\Database\BaseBuilder->update()
#5 /home/vinnyvinny/code/projects/aspire/system/Model.php(570): CodeIgniter\Model->update(Array, Array)
#6 /home/vinnyvinny/code/projects/aspire/app/Libraries/SemesterScores.php(122): CodeIgniter\Model->save(Array)
#7 /home/vinnyvinny/code/projects/aspire/app/Libraries/SemesterScores.php(103): SemesterScores->insertRanks(Object(App\Entities\Student), 1)
#8 /home/vinnyvinny/code/projects/aspire/app/Controllers/Admin/Dashboard.php(42): SemesterScores->setRanks('79')
#9 /home/vinnyvinny/code/projects/aspire/system/CodeIgniter.php(920): App\Controllers\Admin\Dashboard->index()
#10 /home/vinnyvinny/code/projects/aspire/system/CodeIgniter.php(406): CodeIgniter\CodeIgniter->runController(Object(App\Controllers\Admin\Dashboard))
#11 /home/vinnyvinny/code/projects/aspire/system/CodeIgniter.php(314): CodeIgniter\CodeIgniter->handleRequest(NULL, Object(Config\Cache), false)
#12 /home/vinnyvinny/code/projects/aspire/index.php(48): CodeIgniter\CodeIgniter->run()
#13 {main}
CRITICAL - 2022-03-07 12:16:23 --> Object of class App\Entities\Student could not be converted to string
#0 [internal function]: CodeIgniter\Debug\Exceptions->errorHandler(4096, 'Object of class...', '/home/vinnyvinn...', 443, Array)
#1 /home/vinnyvinny/code/projects/aspire/system/Database/Query.php(443): strtr('SELECT *\nFROM `...', Array)
#2 /home/vinnyvinny/code/projects/aspire/system/Database/Query.php(404): CodeIgniter\Database\Query->matchNamedBinds('SELECT *\nFROM `...', Array)
#3 /home/vinnyvinny/code/projects/aspire/system/Database/Query.php(197): CodeIgniter\Database\Query->compileBinds()
#4 /home/vinnyvinny/code/projects/aspire/system/Database/BaseConnection.php(669): CodeIgniter\Database\Query->getQuery()
#5 /home/vinnyvinny/code/projects/aspire/system/Database/BaseBuilder.php(1860): CodeIgniter\Database\BaseConnection->query('SELECT *\nFROM `...', Array, false)
#6 /home/vinnyvinny/code/projects/aspire/system/Model.php(1818): CodeIgniter\Database\BaseBuilder->get()
#7 /home/vinnyvinny/code/projects/aspire/app/Libraries/SemesterScores.php(126): CodeIgniter\Model->__call('get', Array)
#8 /home/vinnyvinny/code/projects/aspire/app/Helpers/school_helper.php(344): SemesterScores->getSubjectTotal(Object(App\Entities\Student), '558')
#9 /home/vinnyvinny/code/projects/aspire/app/Views/Academic/Ranking/get.php(79): getSemesterSubjectTotal(Object(App\Entities\Student), '558', '4')
#10 /home/vinnyvinny/code/projects/aspire/system/View/View.php(246): include('/home/vinnyvinn...')
#11 /home/vinnyvinny/code/projects/aspire/system/Common.php(1119): CodeIgniter\View\View->render('Academic/Rankin...', Array, true)
#12 /home/vinnyvinny/code/projects/aspire/app/Controllers/Academic/Ranking.php(62): view('Academic/Rankin...', Array)
#13 /home/vinnyvinny/code/projects/aspire/system/CodeIgniter.php(920): App\Controllers\Academic\Ranking->get()
#14 /home/vinnyvinny/code/projects/aspire/system/CodeIgniter.php(406): CodeIgniter\CodeIgniter->runController(Object(App\Controllers\Academic\Ranking))
#15 /home/vinnyvinny/code/projects/aspire/system/CodeIgniter.php(314): CodeIgniter\CodeIgniter->handleRequest(NULL, Object(Config\Cache), false)
#16 /home/vinnyvinny/code/projects/aspire/index.php(48): CodeIgniter\CodeIgniter->run()
#17 {main}
CRITICAL - 2022-03-07 12:16:37 --> Object of class App\Entities\Student could not be converted to string
#0 [internal function]: CodeIgniter\Debug\Exceptions->errorHandler(4096, 'Object of class...', '/home/vinnyvinn...', 443, Array)
#1 /home/vinnyvinny/code/projects/aspire/system/Database/Query.php(443): strtr('SELECT *\nFROM `...', Array)
#2 /home/vinnyvinny/code/projects/aspire/system/Database/Query.php(404): CodeIgniter\Database\Query->matchNamedBinds('SELECT *\nFROM `...', Array)
#3 /home/vinnyvinny/code/projects/aspire/system/Database/Query.php(197): CodeIgniter\Database\Query->compileBinds()
#4 /home/vinnyvinny/code/projects/aspire/system/Database/BaseConnection.php(669): CodeIgniter\Database\Query->getQuery()
#5 /home/vinnyvinny/code/projects/aspire/system/Database/BaseBuilder.php(1860): CodeIgniter\Database\BaseConnection->query('SELECT *\nFROM `...', Array, false)
#6 /home/vinnyvinny/code/projects/aspire/system/Model.php(1818): CodeIgniter\Database\BaseBuilder->get()
#7 /home/vinnyvinny/code/projects/aspire/app/Libraries/SemesterScores.php(126): CodeIgniter\Model->__call('get', Array)
#8 /home/vinnyvinny/code/projects/aspire/app/Helpers/school_helper.php(344): SemesterScores->getSubjectTotal(Object(App\Entities\Student), '558')
#9 /home/vinnyvinny/code/projects/aspire/app/Views/Academic/Ranking/get.php(79): getSemesterSubjectTotal(Object(App\Entities\Student), '558', '4')
#10 /home/vinnyvinny/code/projects/aspire/system/View/View.php(246): include('/home/vinnyvinn...')
#11 /home/vinnyvinny/code/projects/aspire/system/Common.php(1119): CodeIgniter\View\View->render('Academic/Rankin...', Array, true)
#12 /home/vinnyvinny/code/projects/aspire/app/Controllers/Academic/Ranking.php(62): view('Academic/Rankin...', Array)
#13 /home/vinnyvinny/code/projects/aspire/system/CodeIgniter.php(920): App\Controllers\Academic\Ranking->get()
#14 /home/vinnyvinny/code/projects/aspire/system/CodeIgniter.php(406): CodeIgniter\CodeIgniter->runController(Object(App\Controllers\Academic\Ranking))
#15 /home/vinnyvinny/code/projects/aspire/system/CodeIgniter.php(314): CodeIgniter\CodeIgniter->handleRequest(NULL, Object(Config\Cache), false)
#16 /home/vinnyvinny/code/projects/aspire/index.php(48): CodeIgniter\CodeIgniter->run()
#17 {main}
CRITICAL - 2022-03-07 12:17:38 --> Undefined variable: total_marks
#0 /home/vinnyvinny/code/projects/aspire/app/Views/Academic/Ranking/get.php(91): CodeIgniter\Debug\Exceptions->errorHandler(8, 'Undefined varia...', '/home/vinnyvinn...', 91, Array)
#1 /home/vinnyvinny/code/projects/aspire/system/View/View.php(246): include('/home/vinnyvinn...')
#2 /home/vinnyvinny/code/projects/aspire/system/Common.php(1119): CodeIgniter\View\View->render('Academic/Rankin...', Array, true)
#3 /home/vinnyvinny/code/projects/aspire/app/Controllers/Academic/Ranking.php(62): view('Academic/Rankin...', Array)
#4 /home/vinnyvinny/code/projects/aspire/system/CodeIgniter.php(920): App\Controllers\Academic\Ranking->get()
#5 /home/vinnyvinny/code/projects/aspire/system/CodeIgniter.php(406): CodeIgniter\CodeIgniter->runController(Object(App\Controllers\Academic\Ranking))
#6 /home/vinnyvinny/code/projects/aspire/system/CodeIgniter.php(314): CodeIgniter\CodeIgniter->handleRequest(NULL, Object(Config\Cache), false)
#7 /home/vinnyvinny/code/projects/aspire/index.php(48): CodeIgniter\CodeIgniter->run()
#8 {main}
CRITICAL - 2022-03-07 12:18:27 --> Undefined variable: total_marks
#0 /home/vinnyvinny/code/projects/aspire/app/Views/Academic/Ranking/get.php(91): CodeIgniter\Debug\Exceptions->errorHandler(8, 'Undefined varia...', '/home/vinnyvinn...', 91, Array)
#1 /home/vinnyvinny/code/projects/aspire/system/View/View.php(246): include('/home/vinnyvinn...')
#2 /home/vinnyvinny/code/projects/aspire/system/Common.php(1119): CodeIgniter\View\View->render('Academic/Rankin...', Array, true)
#3 /home/vinnyvinny/code/projects/aspire/app/Controllers/Academic/Ranking.php(62): view('Academic/Rankin...', Array)
#4 /home/vinnyvinny/code/projects/aspire/system/CodeIgniter.php(920): App\Controllers\Academic\Ranking->get()
#5 /home/vinnyvinny/code/projects/aspire/system/CodeIgniter.php(406): CodeIgniter\CodeIgniter->runController(Object(App\Controllers\Academic\Ranking))
#6 /home/vinnyvinny/code/projects/aspire/system/CodeIgniter.php(314): CodeIgniter\CodeIgniter->handleRequest(NULL, Object(Config\Cache), false)
#7 /home/vinnyvinny/code/projects/aspire/index.php(48): CodeIgniter\CodeIgniter->run()
#8 {main}
CRITICAL - 2022-03-07 12:20:50 --> syntax error, unexpected '}', expecting end of file
#0 /home/vinnyvinny/code/projects/aspire/system/Common.php(1119): CodeIgniter\View\View->render('Academic/Rankin...', Array, true)
#1 /home/vinnyvinny/code/projects/aspire/app/Controllers/Academic/Ranking.php(62): view('Academic/Rankin...', Array)
#2 /home/vinnyvinny/code/projects/aspire/system/CodeIgniter.php(920): App\Controllers\Academic\Ranking->get()
#3 /home/vinnyvinny/code/projects/aspire/system/CodeIgniter.php(406): CodeIgniter\CodeIgniter->runController(Object(App\Controllers\Academic\Ranking))
#4 /home/vinnyvinny/code/projects/aspire/system/CodeIgniter.php(314): CodeIgniter\CodeIgniter->handleRequest(NULL, Object(Config\Cache), false)
#5 /home/vinnyvinny/code/projects/aspire/index.php(48): CodeIgniter\CodeIgniter->run()
#6 {main}
CRITICAL - 2022-03-07 13:09:08 --> Undefined variable: mygrade
#0 /home/vinnyvinny/code/projects/aspire/app/Libraries/SemesterScores.php(100): CodeIgniter\Debug\Exceptions->errorHandler(8, 'Undefined varia...', '/home/vinnyvinn...', 100, Array)
#1 /home/vinnyvinny/code/projects/aspire/app/Libraries/SemesterScores.php(47): SemesterScores->insertSubjectScores('1681', '77', '264', '628', '59.50')
#2 /home/vinnyvinny/code/projects/aspire/app/Controllers/Admin/Dashboard.php(37): SemesterScores->setScoresKG()
#3 /home/vinnyvinny/code/projects/aspire/system/CodeIgniter.php(920): App\Controllers\Admin\Dashboard->index()
#4 /home/vinnyvinny/code/projects/aspire/system/CodeIgniter.php(406): CodeIgniter\CodeIgniter->runController(Object(App\Controllers\Admin\Dashboard))
#5 /home/vinnyvinny/code/projects/aspire/system/CodeIgniter.php(314): CodeIgniter\CodeIgniter->handleRequest(NULL, Object(Config\Cache), false)
#6 /home/vinnyvinny/code/projects/aspire/index.php(48): CodeIgniter\CodeIgniter->run()
#7 {main}
CRITICAL - 2022-03-07 14:18:34 --> syntax error, unexpected ')'
#0 /home/vinnyvinny/code/projects/aspire/system/Autoloader/Autoloader.php(340): CodeIgniter\Autoloader\Autoloader->requireFile('/home/vinnyvinn...')
#1 /home/vinnyvinny/code/projects/aspire/system/Autoloader/Autoloader.php(264): CodeIgniter\Autoloader\Autoloader->loadLegacy('SemesterScores....')
#2 [internal function]: CodeIgniter\Autoloader\Autoloader->loadClass('SemesterScores')
#3 /home/vinnyvinny/code/projects/aspire/app/Controllers/Admin/Dashboard.php(35): spl_autoload_call('SemesterScores')
#4 /home/vinnyvinny/code/projects/aspire/system/CodeIgniter.php(920): App\Controllers\Admin\Dashboard->index()
#5 /home/vinnyvinny/code/projects/aspire/system/CodeIgniter.php(406): CodeIgniter\CodeIgniter->runController(Object(App\Controllers\Admin\Dashboard))
#6 /home/vinnyvinny/code/projects/aspire/system/CodeIgniter.php(314): CodeIgniter\CodeIgniter->handleRequest(NULL, Object(Config\Cache), false)
#7 /home/vinnyvinny/code/projects/aspire/index.php(48): CodeIgniter\CodeIgniter->run()
#8 {main}
ERROR - 2022-03-07 14:29:11 --> mysqli_sql_exception: Table 'aspire_db.mulla_subject_analysis' doesn't exist in /home/vinnyvinny/code/projects/aspire/system/Database/MySQLi/Connection.php:331
Stack trace:
#0 /home/vinnyvinny/code/projects/aspire/system/Database/MySQLi/Connection.php(331): mysqli->query('SELECT *\nFROM `...')
#1 /home/vinnyvinny/code/projects/aspire/system/Database/BaseConnection.php(741): CodeIgniter\Database\MySQLi\Connection->execute('SELECT *\nFROM `...')
#2 /home/vinnyvinny/code/projects/aspire/system/Database/BaseConnection.php(669): CodeIgniter\Database\BaseConnection->simpleQuery('SELECT *\nFROM `...')
#3 /home/vinnyvinny/code/projects/aspire/system/Database/BaseBuilder.php(1860): CodeIgniter\Database\BaseConnection->query('SELECT *\nFROM `...', Array, false)
#4 /home/vinnyvinny/code/projects/aspire/system/Model.php(1818): CodeIgniter\Database\BaseBuilder->get()
#5 /home/vinnyvinny/code/projects/aspire/app/Libraries/SemesterScores.php(100): CodeIgniter\Model->__call('get', Array)
#6 /home/vinnyvinny/code/projects/aspire/app/Libraries/SemesterScores.php(47): SemesterScores->insertSubjectScores('2143', '67', '231', '487', '0.00')
#7 /home/vinnyvinny/code/projects/aspire/app/Controllers/Admin/Dashboard.php(37): SemesterScores->setScoresKG()
#8 /home/vinnyvinny/code/projects/aspire/system/CodeIgniter.php(920): App\Controllers\Admin\Dashboard->index()
#9 /home/vinnyvinny/code/projects/aspire/system/CodeIgniter.php(406): CodeIgniter\CodeIgniter->runController(Object(App\Controllers\Admin\Dashboard))
#10 /home/vinnyvinny/code/projects/aspire/system/CodeIgniter.php(314): CodeIgniter\CodeIgniter->handleRequest(NULL, Object(Config\Cache), false)
#11 /home/vinnyvinny/code/projects/aspire/index.php(48): CodeIgniter\CodeIgniter->run()
#12 {main}
CRITICAL - 2022-03-07 14:29:11 --> Table 'aspire_db.mulla_subject_analysis' doesn't exist
#0 /home/vinnyvinny/code/projects/aspire/system/Database/MySQLi/Connection.php(331): mysqli->query('SELECT *\nFROM `...')
#1 /home/vinnyvinny/code/projects/aspire/system/Database/BaseConnection.php(741): CodeIgniter\Database\MySQLi\Connection->execute('SELECT *\nFROM `...')
#2 /home/vinnyvinny/code/projects/aspire/system/Database/BaseConnection.php(669): CodeIgniter\Database\BaseConnection->simpleQuery('SELECT *\nFROM `...')
#3 /home/vinnyvinny/code/projects/aspire/system/Database/BaseBuilder.php(1860): CodeIgniter\Database\BaseConnection->query('SELECT *\nFROM `...', Array, false)
#4 /home/vinnyvinny/code/projects/aspire/system/Model.php(1818): CodeIgniter\Database\BaseBuilder->get()
#5 /home/vinnyvinny/code/projects/aspire/app/Libraries/SemesterScores.php(100): CodeIgniter\Model->__call('get', Array)
#6 /home/vinnyvinny/code/projects/aspire/app/Libraries/SemesterScores.php(47): SemesterScores->insertSubjectScores('2143', '67', '231', '487', '0.00')
#7 /home/vinnyvinny/code/projects/aspire/app/Controllers/Admin/Dashboard.php(37): SemesterScores->setScoresKG()
#8 /home/vinnyvinny/code/projects/aspire/system/CodeIgniter.php(920): App\Controllers\Admin\Dashboard->index()
#9 /home/vinnyvinny/code/projects/aspire/system/CodeIgniter.php(406): CodeIgniter\CodeIgniter->runController(Object(App\Controllers\Admin\Dashboard))
#10 /home/vinnyvinny/code/projects/aspire/system/CodeIgniter.php(314): CodeIgniter\CodeIgniter->handleRequest(NULL, Object(Config\Cache), false)
#11 /home/vinnyvinny/code/projects/aspire/index.php(48): CodeIgniter\CodeIgniter->run()
#12 {main}
CRITICAL - 2022-03-07 17:31:22 --> Too few arguments to function SemesterScores::__construct(), 0 passed in /home/vinnyvinny/code/projects/aspire/app/Controllers/Admin/Dashboard.php on line 45 and exactly 1 expected
#0 /home/vinnyvinny/code/projects/aspire/app/Controllers/Admin/Dashboard.php(45): SemesterScores->__construct()
#1 /home/vinnyvinny/code/projects/aspire/system/CodeIgniter.php(920): App\Controllers\Admin\Dashboard->index()
#2 /home/vinnyvinny/code/projects/aspire/system/CodeIgniter.php(406): CodeIgniter\CodeIgniter->runController(Object(App\Controllers\Admin\Dashboard))
#3 /home/vinnyvinny/code/projects/aspire/system/CodeIgniter.php(314): CodeIgniter\CodeIgniter->handleRequest(NULL, Object(Config\Cache), false)
#4 /home/vinnyvinny/code/projects/aspire/index.php(48): CodeIgniter\CodeIgniter->run()
#5 {main}
CRITICAL - 2022-03-07 17:31:30 --> Object of class App\Entities\Student could not be converted to string
#0 [internal function]: CodeIgniter\Debug\Exceptions->errorHandler(4096, 'Object of class...', '/home/vinnyvinn...', 443, Array)
#1 /home/vinnyvinny/code/projects/aspire/system/Database/Query.php(443): strtr('SELECT *\nFROM `...', Array)
#2 /home/vinnyvinny/code/projects/aspire/system/Database/Query.php(404): CodeIgniter\Database\Query->matchNamedBinds('SELECT *\nFROM `...', Array)
#3 /home/vinnyvinny/code/projects/aspire/system/Database/Query.php(197): CodeIgniter\Database\Query->compileBinds()
#4 /home/vinnyvinny/code/projects/aspire/system/Database/BaseConnection.php(669): CodeIgniter\Database\Query->getQuery()
#5 /home/vinnyvinny/code/projects/aspire/system/Database/BaseBuilder.php(1860): CodeIgniter\Database\BaseConnection->query('SELECT *\nFROM `...', Array, false)
#6 /home/vinnyvinny/code/projects/aspire/system/Model.php(1818): CodeIgniter\Database\BaseBuilder->get()
#7 /home/vinnyvinny/code/projects/aspire/app/Libraries/SemesterScores.php(145): CodeIgniter\Model->__call('get', Array)
#8 /home/vinnyvinny/code/projects/aspire/app/Controllers/Admin/Dashboard.php(46): SemesterScores->setYearlyRanking()
#9 /home/vinnyvinny/code/projects/aspire/system/CodeIgniter.php(920): App\Controllers\Admin\Dashboard->index()
#10 /home/vinnyvinny/code/projects/aspire/system/CodeIgniter.php(406): CodeIgniter\CodeIgniter->runController(Object(App\Controllers\Admin\Dashboard))
#11 /home/vinnyvinny/code/projects/aspire/system/CodeIgniter.php(314): CodeIgniter\CodeIgniter->handleRequest(NULL, Object(Config\Cache), false)
#12 /home/vinnyvinny/code/projects/aspire/index.php(48): CodeIgniter\CodeIgniter->run()
#13 {main}
ERROR - 2022-03-07 17:34:47 --> mysqli_sql_exception: You have an error in your SQL syntax; check the manual that corresponds to your MySQL server version for the right syntax to use near 'as `total`) AS `total_marks as total`, SUM(`average`) AS `average`
FROM `mulla_s' at line 1 in /home/vinnyvinny/code/projects/aspire/system/Database/MySQLi/Connection.php:331
Stack trace:
#0 /home/vinnyvinny/code/projects/aspire/system/Database/MySQLi/Connection.php(331): mysqli->query('SELECT SUM(`tot...')
#1 /home/vinnyvinny/code/projects/aspire/system/Database/BaseConnection.php(741): CodeIgniter\Database\MySQLi\Connection->execute('SELECT SUM(`tot...')
#2 /home/vinnyvinny/code/projects/aspire/system/Database/BaseConnection.php(669): CodeIgniter\Database\BaseConnection->simpleQuery('SELECT SUM(`tot...')
#3 /home/vinnyvinny/code/projects/aspire/system/Database/BaseBuilder.php(1860): CodeIgniter\Database\BaseConnection->query('SELECT SUM(`tot...', Array, false)
#4 /home/vinnyvinny/code/projects/aspire/system/Model.php(1818): CodeIgniter\Database\BaseBuilder->get()
#5 /home/vinnyvinny/code/projects/aspire/app/Libraries/SemesterScores.php(145): CodeIgniter\Model->__call('get', Array)
#6 /home/vinnyvinny/code/projects/aspire/app/Controllers/Admin/Dashboard.php(46): SemesterScores->setYearlyRanking()
#7 /home/vinnyvinny/code/projects/aspire/system/CodeIgniter.php(920): App\Controllers\Admin\Dashboard->index()
#8 /home/vinnyvinny/code/projects/aspire/system/CodeIgniter.php(406): CodeIgniter\CodeIgniter->runController(Object(App\Controllers\Admin\Dashboard))
#9 /home/vinnyvinny/code/projects/aspire/system/CodeIgniter.php(314): CodeIgniter\CodeIgniter->handleRequest(NULL, Object(Config\Cache), false)
#10 /home/vinnyvinny/code/projects/aspire/index.php(48): CodeIgniter\CodeIgniter->run()
#11 {main}
CRITICAL - 2022-03-07 17:34:47 --> You have an error in your SQL syntax; check the manual that corresponds to your MySQL server version for the right syntax to use near 'as `total`) AS `total_marks as total`, SUM(`average`) AS `average`
FROM `mulla_s' at line 1
#0 /home/vinnyvinny/code/projects/aspire/system/Database/MySQLi/Connection.php(331): mysqli->query('SELECT SUM(`tot...')
#1 /home/vinnyvinny/code/projects/aspire/system/Database/BaseConnection.php(741): CodeIgniter\Database\MySQLi\Connection->execute('SELECT SUM(`tot...')
#2 /home/vinnyvinny/code/projects/aspire/system/Database/BaseConnection.php(669): CodeIgniter\Database\BaseConnection->simpleQuery('SELECT SUM(`tot...')
#3 /home/vinnyvinny/code/projects/aspire/system/Database/BaseBuilder.php(1860): CodeIgniter\Database\BaseConnection->query('SELECT SUM(`tot...', Array, false)
#4 /home/vinnyvinny/code/projects/aspire/system/Model.php(1818): CodeIgniter\Database\BaseBuilder->get()
#5 /home/vinnyvinny/code/projects/aspire/app/Libraries/SemesterScores.php(145): CodeIgniter\Model->__call('get', Array)
#6 /home/vinnyvinny/code/projects/aspire/app/Controllers/Admin/Dashboard.php(46): SemesterScores->setYearlyRanking()
#7 /home/vinnyvinny/code/projects/aspire/system/CodeIgniter.php(920): App\Controllers\Admin\Dashboard->index()
#8 /home/vinnyvinny/code/projects/aspire/system/CodeIgniter.php(406): CodeIgniter\CodeIgniter->runController(Object(App\Controllers\Admin\Dashboard))
#9 /home/vinnyvinny/code/projects/aspire/system/CodeIgniter.php(314): CodeIgniter\CodeIgniter->handleRequest(NULL, Object(Config\Cache), false)
#10 /home/vinnyvinny/code/projects/aspire/index.php(48): CodeIgniter\CodeIgniter->run()
#11 {main}
ERROR - 2022-03-07 17:35:18 --> mysqli_sql_exception: You have an error in your SQL syntax; check the manual that corresponds to your MySQL server version for the right syntax to use near '*
FROM `mulla_semester_analysis`
WHERE `session` = '7'
AND `student` = '1948'' at line 1 in /home/vinnyvinny/code/projects/aspire/system/Database/MySQLi/Connection.php:331
Stack trace:
#0 /home/vinnyvinny/code/projects/aspire/system/Database/MySQLi/Connection.php(331): mysqli->query('SELECT SUM(`tot...')
#1 /home/vinnyvinny/code/projects/aspire/system/Database/BaseConnection.php(741): CodeIgniter\Database\MySQLi\Connection->execute('SELECT SUM(`tot...')
#2 /home/vinnyvinny/code/projects/aspire/system/Database/BaseConnection.php(669): CodeIgniter\Database\BaseConnection->simpleQuery('SELECT SUM(`tot...')
#3 /home/vinnyvinny/code/projects/aspire/system/Database/BaseBuilder.php(1860): CodeIgniter\Database\BaseConnection->query('SELECT SUM(`tot...', Array, false)
#4 /home/vinnyvinny/code/projects/aspire/system/Model.php(1818): CodeIgniter\Database\BaseBuilder->get()
#5 /home/vinnyvinny/code/projects/aspire/app/Libraries/SemesterScores.php(145): CodeIgniter\Model->__call('get', Array)
#6 /home/vinnyvinny/code/projects/aspire/app/Controllers/Admin/Dashboard.php(46): SemesterScores->setYearlyRanking()
#7 /home/vinnyvinny/code/projects/aspire/system/CodeIgniter.php(920): App\Controllers\Admin\Dashboard->index()
#8 /home/vinnyvinny/code/projects/aspire/system/CodeIgniter.php(406): CodeIgniter\CodeIgniter->runController(Object(App\Controllers\Admin\Dashboard))
#9 /home/vinnyvinny/code/projects/aspire/system/CodeIgniter.php(314): CodeIgniter\CodeIgniter->handleRequest(NULL, Object(Config\Cache), false)
#10 /home/vinnyvinny/code/projects/aspire/index.php(48): CodeIgniter\CodeIgniter->run()
#11 {main}
CRITICAL - 2022-03-07 17:35:18 --> You have an error in your SQL syntax; check the manual that corresponds to your MySQL server version for the right syntax to use near '*
FROM `mulla_semester_analysis`
WHERE `session` = '7'
AND `student` = '1948'' at line 1
#0 /home/vinnyvinny/code/projects/aspire/system/Database/MySQLi/Connection.php(331): mysqli->query('SELECT SUM(`tot...')
#1 /home/vinnyvinny/code/projects/aspire/system/Database/BaseConnection.php(741): CodeIgniter\Database\MySQLi\Connection->execute('SELECT SUM(`tot...')
#2 /home/vinnyvinny/code/projects/aspire/system/Database/BaseConnection.php(669): CodeIgniter\Database\BaseConnection->simpleQuery('SELECT SUM(`tot...')
#3 /home/vinnyvinny/code/projects/aspire/system/Database/BaseBuilder.php(1860): CodeIgniter\Database\BaseConnection->query('SELECT SUM(`tot...', Array, false)
#4 /home/vinnyvinny/code/projects/aspire/system/Model.php(1818): CodeIgniter\Database\BaseBuilder->get()
#5 /home/vinnyvinny/code/projects/aspire/app/Libraries/SemesterScores.php(145): CodeIgniter\Model->__call('get', Array)
#6 /home/vinnyvinny/code/projects/aspire/app/Controllers/Admin/Dashboard.php(46): SemesterScores->setYearlyRanking()
#7 /home/vinnyvinny/code/projects/aspire/system/CodeIgniter.php(920): App\Controllers\Admin\Dashboard->index()
#8 /home/vinnyvinny/code/projects/aspire/system/CodeIgniter.php(406): CodeIgniter\CodeIgniter->runController(Object(App\Controllers\Admin\Dashboard))
#9 /home/vinnyvinny/code/projects/aspire/system/CodeIgniter.php(314): CodeIgniter\CodeIgniter->handleRequest(NULL, Object(Config\Cache), false)
#10 /home/vinnyvinny/code/projects/aspire/index.php(48): CodeIgniter\CodeIgniter->run()
#11 {main}
ERROR - 2022-03-07 17:35:22 --> mysqli_sql_exception: Unknown table 'mulla_' in /home/vinnyvinny/code/projects/aspire/system/Database/MySQLi/Connection.php:331
Stack trace:
#0 /home/vinnyvinny/code/projects/aspire/system/Database/MySQLi/Connection.php(331): mysqli->query('SELECT SUM(`tot...')
#1 /home/vinnyvinny/code/projects/aspire/system/Database/BaseConnection.php(741): CodeIgniter\Database\MySQLi\Connection->execute('SELECT SUM(`tot...')
#2 /home/vinnyvinny/code/projects/aspire/system/Database/BaseConnection.php(669): CodeIgniter\Database\BaseConnection->simpleQuery('SELECT SUM(`tot...')
#3 /home/vinnyvinny/code/projects/aspire/system/Database/BaseBuilder.php(1860): CodeIgniter\Database\BaseConnection->query('SELECT SUM(`tot...', Array, false)
#4 /home/vinnyvinny/code/projects/aspire/system/Model.php(1818): CodeIgniter\Database\BaseBuilder->get()
#5 /home/vinnyvinny/code/projects/aspire/app/Libraries/SemesterScores.php(145): CodeIgniter\Model->__call('get', Array)
#6 /home/vinnyvinny/code/projects/aspire/app/Controllers/Admin/Dashboard.php(46): SemesterScores->setYearlyRanking()
#7 /home/vinnyvinny/code/projects/aspire/system/CodeIgniter.php(920): App\Controllers\Admin\Dashboard->index()
#8 /home/vinnyvinny/code/projects/aspire/system/CodeIgniter.php(406): CodeIgniter\CodeIgniter->runController(Object(App\Controllers\Admin\Dashboard))
#9 /home/vinnyvinny/code/projects/aspire/system/CodeIgniter.php(314): CodeIgniter\CodeIgniter->handleRequest(NULL, Object(Config\Cache), false)
#10 /home/vinnyvinny/code/projects/aspire/index.php(48): CodeIgniter\CodeIgniter->run()
#11 {main}
CRITICAL - 2022-03-07 17:35:22 --> Unknown table 'mulla_'
#0 /home/vinnyvinny/code/projects/aspire/system/Database/MySQLi/Connection.php(331): mysqli->query('SELECT SUM(`tot...')
#1 /home/vinnyvinny/code/projects/aspire/system/Database/BaseConnection.php(741): CodeIgniter\Database\MySQLi\Connection->execute('SELECT SUM(`tot...')
#2 /home/vinnyvinny/code/projects/aspire/system/Database/BaseConnection.php(669): CodeIgniter\Database\BaseConnection->simpleQuery('SELECT SUM(`tot...')
#3 /home/vinnyvinny/code/projects/aspire/system/Database/BaseBuilder.php(1860): CodeIgniter\Database\BaseConnection->query('SELECT SUM(`tot...', Array, false)
#4 /home/vinnyvinny/code/projects/aspire/system/Model.php(1818): CodeIgniter\Database\BaseBuilder->get()
#5 /home/vinnyvinny/code/projects/aspire/app/Libraries/SemesterScores.php(145): CodeIgniter\Model->__call('get', Array)
#6 /home/vinnyvinny/code/projects/aspire/app/Controllers/Admin/Dashboard.php(46): SemesterScores->setYearlyRanking()
#7 /home/vinnyvinny/code/projects/aspire/system/CodeIgniter.php(920): App\Controllers\Admin\Dashboard->index()
#8 /home/vinnyvinny/code/projects/aspire/system/CodeIgniter.php(406): CodeIgniter\CodeIgniter->runController(Object(App\Controllers\Admin\Dashboard))
#9 /home/vinnyvinny/code/projects/aspire/system/CodeIgniter.php(314): CodeIgniter\CodeIgniter->handleRequest(NULL, Object(Config\Cache), false)
#10 /home/vinnyvinny/code/projects/aspire/index.php(48): CodeIgniter\CodeIgniter->run()
#11 {main}
ERROR - 2022-03-07 17:35:28 --> mysqli_sql_exception: You have an error in your SQL syntax; check the manual that corresponds to your MySQL server version for the right syntax to use near 'FROM `mulla_semester_analysis`
WHERE `session` = '7'
AND `student` = '1948'' at line 2 in /home/vinnyvinny/code/projects/aspire/system/Database/MySQLi/Connection.php:331
Stack trace:
#0 /home/vinnyvinny/code/projects/aspire/system/Database/MySQLi/Connection.php(331): mysqli->query('SELECT SUM(`tot...')
#1 /home/vinnyvinny/code/projects/aspire/system/Database/BaseConnection.php(741): CodeIgniter\Database\MySQLi\Connection->execute('SELECT SUM(`tot...')
#2 /home/vinnyvinny/code/projects/aspire/system/Database/BaseConnection.php(669): CodeIgniter\Database\BaseConnection->simpleQuery('SELECT SUM(`tot...')
#3 /home/vinnyvinny/code/projects/aspire/system/Database/BaseBuilder.php(1860): CodeIgniter\Database\BaseConnection->query('SELECT SUM(`tot...', Array, false)
#4 /home/vinnyvinny/code/projects/aspire/system/Model.php(1818): CodeIgniter\Database\BaseBuilder->get()
#5 /home/vinnyvinny/code/projects/aspire/app/Libraries/SemesterScores.php(145): CodeIgniter\Model->__call('get', Array)
#6 /home/vinnyvinny/code/projects/aspire/app/Controllers/Admin/Dashboard.php(46): SemesterScores->setYearlyRanking()
#7 /home/vinnyvinny/code/projects/aspire/system/CodeIgniter.php(920): App\Controllers\Admin\Dashboard->index()
#8 /home/vinnyvinny/code/projects/aspire/system/CodeIgniter.php(406): CodeIgniter\CodeIgniter->runController(Object(App\Controllers\Admin\Dashboard))
#9 /home/vinnyvinny/code/projects/aspire/system/CodeIgniter.php(314): CodeIgniter\CodeIgniter->handleRequest(NULL, Object(Config\Cache), false)
#10 /home/vinnyvinny/code/projects/aspire/index.php(48): CodeIgniter\CodeIgniter->run()
#11 {main}
CRITICAL - 2022-03-07 17:35:28 --> You have an error in your SQL syntax; check the manual that corresponds to your MySQL server version for the right syntax to use near 'FROM `mulla_semester_analysis`
WHERE `session` = '7'
AND `student` = '1948'' at line 2
#0 /home/vinnyvinny/code/projects/aspire/system/Database/MySQLi/Connection.php(331): mysqli->query('SELECT SUM(`tot...')
#1 /home/vinnyvinny/code/projects/aspire/system/Database/BaseConnection.php(741): CodeIgniter\Database\MySQLi\Connection->execute('SELECT SUM(`tot...')
#2 /home/vinnyvinny/code/projects/aspire/system/Database/BaseConnection.php(669): CodeIgniter\Database\BaseConnection->simpleQuery('SELECT SUM(`tot...')
#3 /home/vinnyvinny/code/projects/aspire/system/Database/BaseBuilder.php(1860): CodeIgniter\Database\BaseConnection->query('SELECT SUM(`tot...', Array, false)
#4 /home/vinnyvinny/code/projects/aspire/system/Model.php(1818): CodeIgniter\Database\BaseBuilder->get()
#5 /home/vinnyvinny/code/projects/aspire/app/Libraries/SemesterScores.php(145): CodeIgniter\Model->__call('get', Array)
#6 /home/vinnyvinny/code/projects/aspire/app/Controllers/Admin/Dashboard.php(46): SemesterScores->setYearlyRanking()
#7 /home/vinnyvinny/code/projects/aspire/system/CodeIgniter.php(920): App\Controllers\Admin\Dashboard->index()
#8 /home/vinnyvinny/code/projects/aspire/system/CodeIgniter.php(406): CodeIgniter\CodeIgniter->runController(Object(App\Controllers\Admin\Dashboard))
#9 /home/vinnyvinny/code/projects/aspire/system/CodeIgniter.php(314): CodeIgniter\CodeIgniter->handleRequest(NULL, Object(Config\Cache), false)
#10 /home/vinnyvinny/code/projects/aspire/index.php(48): CodeIgniter\CodeIgniter->run()
#11 {main}
CRITICAL - 2022-03-07 18:48:33 --> Too few arguments to function SemesterScores::setYearlyRanking(), 0 passed in /home/vinnyvinny/code/projects/aspire/app/Controllers/Admin/Dashboard.php on line 48 and exactly 1 expected
#0 /home/vinnyvinny/code/projects/aspire/app/Controllers/Admin/Dashboard.php(48): SemesterScores->setYearlyRanking()
#1 /home/vinnyvinny/code/projects/aspire/system/CodeIgniter.php(920): App\Controllers\Admin\Dashboard->index()
#2 /home/vinnyvinny/code/projects/aspire/system/CodeIgniter.php(406): CodeIgniter\CodeIgniter->runController(Object(App\Controllers\Admin\Dashboard))
#3 /home/vinnyvinny/code/projects/aspire/system/CodeIgniter.php(314): CodeIgniter\CodeIgniter->handleRequest(NULL, Object(Config\Cache), false)
#4 /home/vinnyvinny/code/projects/aspire/index.php(48): CodeIgniter\CodeIgniter->run()
#5 {main}
