CRITICAL - 2022-03-03 05:25:58 --> Undefined offset: 627
#0 /home/vinnyvinny/code/projects/aspire/app/Views/Academic/Certificate/certificate.php(181): CodeIgniter\Debug\Exceptions->errorHandler(8, 'Undefined offse...', '/home/vinnyvinn...', 181, Array)
#1 /home/vinnyvinny/code/projects/aspire/system/View/View.php(246): include('/home/vinnyvinn...')
#2 /home/vinnyvinny/code/projects/aspire/system/Common.php(1119): CodeIgniter\View\View->render('Academic/Certif...', Array, true)
#3 /home/vinnyvinny/code/projects/aspire/app/Controllers/AdminController.php(20): view('Academic/Certif...', Array)
#4 /home/vinnyvinny/code/projects/aspire/app/Controllers/Academic/Certificate.php(93): App\Controllers\AdminController->_renderPage('Academic/Certif...', Array)
#5 /home/vinnyvinny/code/projects/aspire/system/CodeIgniter.php(920): App\Controllers\Academic\Certificate->certificate(Object(App\Entities\Student))
#6 /home/vinnyvinny/code/projects/aspire/system/CodeIgniter.php(406): CodeIgniter\CodeIgniter->runController(Object(App\Controllers\Academic\Certificate))
#7 /home/vinnyvinny/code/projects/aspire/system/CodeIgniter.php(314): CodeIgniter\CodeIgniter->handleRequest(NULL, Object(Config\Cache), false)
#8 /home/vinnyvinny/code/projects/aspire/index.php(48): CodeIgniter\CodeIgniter->run()
#9 {main}
CRITICAL - 2022-03-03 05:26:26 --> Undefined offset: 627
#0 /home/vinnyvinny/code/projects/aspire/app/Views/Academic/Certificate/certificate.php(181): CodeIgniter\Debug\Exceptions->errorHandler(8, 'Undefined offse...', '/home/vinnyvinn...', 181, Array)
#1 /home/vinnyvinny/code/projects/aspire/system/View/View.php(246): include('/home/vinnyvinn...')
#2 /home/vinnyvinny/code/projects/aspire/system/Common.php(1119): CodeIgniter\View\View->render('Academic/Certif...', Array, true)
#3 /home/vinnyvinny/code/projects/aspire/app/Controllers/AdminController.php(20): view('Academic/Certif...', Array)
#4 /home/vinnyvinny/code/projects/aspire/app/Controllers/Academic/Certificate.php(93): App\Controllers\AdminController->_renderPage('Academic/Certif...', Array)
#5 /home/vinnyvinny/code/projects/aspire/system/CodeIgniter.php(920): App\Controllers\Academic\Certificate->certificate(Object(App\Entities\Student))
#6 /home/vinnyvinny/code/projects/aspire/system/CodeIgniter.php(406): CodeIgniter\CodeIgniter->runController(Object(App\Controllers\Academic\Certificate))
#7 /home/vinnyvinny/code/projects/aspire/system/CodeIgniter.php(314): CodeIgniter\CodeIgniter->handleRequest(NULL, Object(Config\Cache), false)
#8 /home/vinnyvinny/code/projects/aspire/index.php(48): CodeIgniter\CodeIgniter->run()
#9 {main}
CRITICAL - 2022-03-03 05:27:14 --> Undefined offset: 627
#0 /home/vinnyvinny/code/projects/aspire/app/Views/Academic/Certificate/certificate.php(181): CodeIgniter\Debug\Exceptions->errorHandler(8, 'Undefined offse...', '/home/vinnyvinn...', 181, Array)
#1 /home/vinnyvinny/code/projects/aspire/system/View/View.php(246): include('/home/vinnyvinn...')
#2 /home/vinnyvinny/code/projects/aspire/system/Common.php(1119): CodeIgniter\View\View->render('Academic/Certif...', Array, true)
#3 /home/vinnyvinny/code/projects/aspire/app/Controllers/AdminController.php(20): view('Academic/Certif...', Array)
#4 /home/vinnyvinny/code/projects/aspire/app/Controllers/Academic/Certificate.php(93): App\Controllers\AdminController->_renderPage('Academic/Certif...', Array)
#5 /home/vinnyvinny/code/projects/aspire/system/CodeIgniter.php(920): App\Controllers\Academic\Certificate->certificate(Object(App\Entities\Student))
#6 /home/vinnyvinny/code/projects/aspire/system/CodeIgniter.php(406): CodeIgniter\CodeIgniter->runController(Object(App\Controllers\Academic\Certificate))
#7 /home/vinnyvinny/code/projects/aspire/system/CodeIgniter.php(314): CodeIgniter\CodeIgniter->handleRequest(NULL, Object(Config\Cache), false)
#8 /home/vinnyvinny/code/projects/aspire/index.php(48): CodeIgniter\CodeIgniter->run()
#9 {main}
CRITICAL - 2022-03-03 05:28:39 --> Undefined offset: 627
#0 /home/vinnyvinny/code/projects/aspire/app/Views/Academic/Certificate/certificate.php(181): CodeIgniter\Debug\Exceptions->errorHandler(8, 'Undefined offse...', '/home/vinnyvinn...', 181, Array)
#1 /home/vinnyvinny/code/projects/aspire/system/View/View.php(246): include('/home/vinnyvinn...')
#2 /home/vinnyvinny/code/projects/aspire/system/Common.php(1119): CodeIgniter\View\View->render('Academic/Certif...', Array, true)
#3 /home/vinnyvinny/code/projects/aspire/app/Controllers/AdminController.php(20): view('Academic/Certif...', Array)
#4 /home/vinnyvinny/code/projects/aspire/app/Controllers/Academic/Certificate.php(93): App\Controllers\AdminController->_renderPage('Academic/Certif...', Array)
#5 /home/vinnyvinny/code/projects/aspire/system/CodeIgniter.php(920): App\Controllers\Academic\Certificate->certificate(Object(App\Entities\Student))
#6 /home/vinnyvinny/code/projects/aspire/system/CodeIgniter.php(406): CodeIgniter\CodeIgniter->runController(Object(App\Controllers\Academic\Certificate))
#7 /home/vinnyvinny/code/projects/aspire/system/CodeIgniter.php(314): CodeIgniter\CodeIgniter->handleRequest(NULL, Object(Config\Cache), false)
#8 /home/vinnyvinny/code/projects/aspire/index.php(48): CodeIgniter\CodeIgniter->run()
#9 {main}
ERROR - 2022-03-03 15:52:49 --> mysqli_sql_exception: Expression #1 of SELECT list is not in GROUP BY clause and contains nonaggregated column 'aspire_db.mulla_attendance.id' which is not functionally dependent on columns in GROUP BY clause; this is incompatible with sql_mode=only_full_group_by in /home/vinnyvinny/code/projects/aspire/system/Database/MySQLi/Connection.php:331
Stack trace:
#0 /home/vinnyvinny/code/projects/aspire/system/Database/MySQLi/Connection.php(331): mysqli->query('SELECT *\nFROM `...')
#1 /home/vinnyvinny/code/projects/aspire/system/Database/BaseConnection.php(741): CodeIgniter\Database\MySQLi\Connection->execute('SELECT *\nFROM `...')
#2 /home/vinnyvinny/code/projects/aspire/system/Database/BaseConnection.php(669): CodeIgniter\Database\BaseConnection->simpleQuery('SELECT *\nFROM `...')
#3 /home/vinnyvinny/code/projects/aspire/system/Database/BaseBuilder.php(1860): CodeIgniter\Database\BaseConnection->query('SELECT *\nFROM `...', Array, false)
#4 /home/vinnyvinny/code/projects/aspire/system/Model.php(1818): CodeIgniter\Database\BaseBuilder->get()
#5 /home/vinnyvinny/code/projects/aspire/app/Controllers/Admin/Dashboard.php(68): CodeIgniter\Model->__call('get', Array)
#6 /home/vinnyvinny/code/projects/aspire/app/Controllers/Admin/Dashboard.php(36): App\Controllers\Admin\Dashboard->attendance()
#7 /home/vinnyvinny/code/projects/aspire/system/CodeIgniter.php(920): App\Controllers\Admin\Dashboard->getNotifications()
#8 /home/vinnyvinny/code/projects/aspire/system/CodeIgniter.php(406): CodeIgniter\CodeIgniter->runController(Object(App\Controllers\Admin\Dashboard))
#9 /home/vinnyvinny/code/projects/aspire/system/CodeIgniter.php(314): CodeIgniter\CodeIgniter->handleRequest(NULL, Object(Config\Cache), false)
#10 /home/vinnyvinny/code/projects/aspire/index.php(48): CodeIgniter\CodeIgniter->run()
#11 {main}
CRITICAL - 2022-03-03 15:52:49 --> Expression #1 of SELECT list is not in GROUP BY clause and contains nonaggregated column 'aspire_db.mulla_attendance.id' which is not functionally dependent on columns in GROUP BY clause; this is incompatible with sql_mode=only_full_group_by
#0 /home/vinnyvinny/code/projects/aspire/system/Database/MySQLi/Connection.php(331): mysqli->query('SELECT *\nFROM `...')
#1 /home/vinnyvinny/code/projects/aspire/system/Database/BaseConnection.php(741): CodeIgniter\Database\MySQLi\Connection->execute('SELECT *\nFROM `...')
#2 /home/vinnyvinny/code/projects/aspire/system/Database/BaseConnection.php(669): CodeIgniter\Database\BaseConnection->simpleQuery('SELECT *\nFROM `...')
#3 /home/vinnyvinny/code/projects/aspire/system/Database/BaseBuilder.php(1860): CodeIgniter\Database\BaseConnection->query('SELECT *\nFROM `...', Array, false)
#4 /home/vinnyvinny/code/projects/aspire/system/Model.php(1818): CodeIgniter\Database\BaseBuilder->get()
#5 /home/vinnyvinny/code/projects/aspire/app/Controllers/Admin/Dashboard.php(68): CodeIgniter\Model->__call('get', Array)
#6 /home/vinnyvinny/code/projects/aspire/app/Controllers/Admin/Dashboard.php(36): App\Controllers\Admin\Dashboard->attendance()
#7 /home/vinnyvinny/code/projects/aspire/system/CodeIgniter.php(920): App\Controllers\Admin\Dashboard->getNotifications()
#8 /home/vinnyvinny/code/projects/aspire/system/CodeIgniter.php(406): CodeIgniter\CodeIgniter->runController(Object(App\Controllers\Admin\Dashboard))
#9 /home/vinnyvinny/code/projects/aspire/system/CodeIgniter.php(314): CodeIgniter\CodeIgniter->handleRequest(NULL, Object(Config\Cache), false)
#10 /home/vinnyvinny/code/projects/aspire/index.php(48): CodeIgniter\CodeIgniter->run()
#11 {main}
CRITICAL - 2022-03-03 16:05:43 --> Call to a member function get() on array
#0 /home/vinnyvinny/code/projects/aspire/system/View/View.php(246): include()
#1 /home/vinnyvinny/code/projects/aspire/system/Common.php(1119): CodeIgniter\View\View->render('Academic/Exams/...', Array, true)
#2 /home/vinnyvinny/code/projects/aspire/app/Controllers/AdminController.php(20): view('Academic/Exams/...', Array)
#3 /home/vinnyvinny/code/projects/aspire/app/Controllers/Academic/Exams.php(216): App\Controllers\AdminController->_renderPage('Academic/Exams/...', Array)
#4 /home/vinnyvinny/code/projects/aspire/system/CodeIgniter.php(920): App\Controllers\Academic\Exams->results()
#5 /home/vinnyvinny/code/projects/aspire/system/CodeIgniter.php(406): CodeIgniter\CodeIgniter->runController(Object(App\Controllers\Academic\Exams))
#6 /home/vinnyvinny/code/projects/aspire/system/CodeIgniter.php(314): CodeIgniter\CodeIgniter->handleRequest(NULL, Object(Config\Cache), false)
#7 /home/vinnyvinny/code/projects/aspire/index.php(48): CodeIgniter\CodeIgniter->run()
#8 {main}
CRITICAL - 2022-03-03 16:06:17 --> Cannot use object of type App\Entities\Semester as array
#0 /home/vinnyvinny/code/projects/aspire/system/View/View.php(246): include()
#1 /home/vinnyvinny/code/projects/aspire/system/Common.php(1119): CodeIgniter\View\View->render('Academic/Exams/...', Array, true)
#2 /home/vinnyvinny/code/projects/aspire/app/Controllers/AdminController.php(20): view('Academic/Exams/...', Array)
#3 /home/vinnyvinny/code/projects/aspire/app/Controllers/Academic/Exams.php(216): App\Controllers\AdminController->_renderPage('Academic/Exams/...', Array)
#4 /home/vinnyvinny/code/projects/aspire/system/CodeIgniter.php(920): App\Controllers\Academic\Exams->results()
#5 /home/vinnyvinny/code/projects/aspire/system/CodeIgniter.php(406): CodeIgniter\CodeIgniter->runController(Object(App\Controllers\Academic\Exams))
#6 /home/vinnyvinny/code/projects/aspire/system/CodeIgniter.php(314): CodeIgniter\CodeIgniter->handleRequest(NULL, Object(Config\Cache), false)
#7 /home/vinnyvinny/code/projects/aspire/index.php(48): CodeIgniter\CodeIgniter->run()
#8 {main}
ERROR - 2022-03-03 16:55:52 --> mysqli_sql_exception: Incorrect number of arguments for PROCEDURE aspire_db.PExamResult; expected 3, got 4 in /home/vinnyvinny/code/projects/aspire/system/Database/MySQLi/Connection.php:331
Stack trace:
#0 /home/vinnyvinny/code/projects/aspire/system/Database/MySQLi/Connection.php(331): mysqli->query('CALL PExamResul...')
#1 /home/vinnyvinny/code/projects/aspire/system/Database/BaseConnection.php(741): CodeIgniter\Database\MySQLi\Connection->execute('CALL PExamResul...')
#2 /home/vinnyvinny/code/projects/aspire/system/Database/BaseConnection.php(669): CodeIgniter\Database\BaseConnection->simpleQuery('CALL PExamResul...')
#3 /home/vinnyvinny/code/projects/aspire/app/Libraries/YearlyResults.php(220): CodeIgniter\Database\BaseConnection->query('CALL PExamResul...')
#4 /home/vinnyvinny/code/projects/aspire/app/Libraries/YearlyResults.php(119): App\Libraries\YearlyResults->getSemesterExams('4', 548)
#5 /home/vinnyvinny/code/projects/aspire/app/Views/Academic/Ranking/get.php(19): App\Libraries\YearlyResults->getSemesterTotalResultsPerSubject('4', 548)
#6 /home/vinnyvinny/code/projects/aspire/system/View/View.php(246): include('/home/vinnyvinn...')
#7 /home/vinnyvinny/code/projects/aspire/system/Common.php(1119): CodeIgniter\View\View->render('Academic/Rankin...', Array, true)
#8 /home/vinnyvinny/code/projects/aspire/app/Controllers/Academic/Ranking.php(62): view('Academic/Rankin...', Array)
#9 /home/vinnyvinny/code/projects/aspire/system/CodeIgniter.php(920): App\Controllers\Academic\Ranking->get()
#10 /home/vinnyvinny/code/projects/aspire/system/CodeIgniter.php(406): CodeIgniter\CodeIgniter->runController(Object(App\Controllers\Academic\Ranking))
#11 /home/vinnyvinny/code/projects/aspire/system/CodeIgniter.php(314): CodeIgniter\CodeIgniter->handleRequest(NULL, Object(Config\Cache), false)
#12 /home/vinnyvinny/code/projects/aspire/index.php(48): CodeIgniter\CodeIgniter->run()
#13 {main}
CRITICAL - 2022-03-03 16:55:52 --> Incorrect number of arguments for PROCEDURE aspire_db.PExamResult; expected 3, got 4
#0 /home/vinnyvinny/code/projects/aspire/system/Database/MySQLi/Connection.php(331): mysqli->query('CALL PExamResul...')
#1 /home/vinnyvinny/code/projects/aspire/system/Database/BaseConnection.php(741): CodeIgniter\Database\MySQLi\Connection->execute('CALL PExamResul...')
#2 /home/vinnyvinny/code/projects/aspire/system/Database/BaseConnection.php(669): CodeIgniter\Database\BaseConnection->simpleQuery('CALL PExamResul...')
#3 /home/vinnyvinny/code/projects/aspire/app/Libraries/YearlyResults.php(220): CodeIgniter\Database\BaseConnection->query('CALL PExamResul...')
#4 /home/vinnyvinny/code/projects/aspire/app/Libraries/YearlyResults.php(119): App\Libraries\YearlyResults->getSemesterExams('4', 548)
#5 /home/vinnyvinny/code/projects/aspire/app/Views/Academic/Ranking/get.php(19): App\Libraries\YearlyResults->getSemesterTotalResultsPerSubject('4', 548)
#6 /home/vinnyvinny/code/projects/aspire/system/View/View.php(246): include('/home/vinnyvinn...')
#7 /home/vinnyvinny/code/projects/aspire/system/Common.php(1119): CodeIgniter\View\View->render('Academic/Rankin...', Array, true)
#8 /home/vinnyvinny/code/projects/aspire/app/Controllers/Academic/Ranking.php(62): view('Academic/Rankin...', Array)
#9 /home/vinnyvinny/code/projects/aspire/system/CodeIgniter.php(920): App\Controllers\Academic\Ranking->get()
#10 /home/vinnyvinny/code/projects/aspire/system/CodeIgniter.php(406): CodeIgniter\CodeIgniter->runController(Object(App\Controllers\Academic\Ranking))
#11 /home/vinnyvinny/code/projects/aspire/system/CodeIgniter.php(314): CodeIgniter\CodeIgniter->handleRequest(NULL, Object(Config\Cache), false)
#12 /home/vinnyvinny/code/projects/aspire/index.php(48): CodeIgniter\CodeIgniter->run()
#13 {main}
ERROR - 2022-03-03 16:56:09 --> mysqli_sql_exception: Incorrect number of arguments for PROCEDURE aspire_db.PExamResult; expected 3, got 4 in /home/vinnyvinny/code/projects/aspire/system/Database/MySQLi/Connection.php:331
Stack trace:
#0 /home/vinnyvinny/code/projects/aspire/system/Database/MySQLi/Connection.php(331): mysqli->query('CALL PExamResul...')
#1 /home/vinnyvinny/code/projects/aspire/system/Database/BaseConnection.php(741): CodeIgniter\Database\MySQLi\Connection->execute('CALL PExamResul...')
#2 /home/vinnyvinny/code/projects/aspire/system/Database/BaseConnection.php(669): CodeIgniter\Database\BaseConnection->simpleQuery('CALL PExamResul...')
#3 /home/vinnyvinny/code/projects/aspire/app/Libraries/YearlyResults.php(220): CodeIgniter\Database\BaseConnection->query('CALL PExamResul...')
#4 /home/vinnyvinny/code/projects/aspire/app/Libraries/YearlyResults.php(119): App\Libraries\YearlyResults->getSemesterExams('4', 548)
#5 /home/vinnyvinny/code/projects/aspire/app/Views/Academic/Ranking/get.php(19): App\Libraries\YearlyResults->getSemesterTotalResultsPerSubject('4', 548)
#6 /home/vinnyvinny/code/projects/aspire/system/View/View.php(246): include('/home/vinnyvinn...')
#7 /home/vinnyvinny/code/projects/aspire/system/Common.php(1119): CodeIgniter\View\View->render('Academic/Rankin...', Array, true)
#8 /home/vinnyvinny/code/projects/aspire/app/Controllers/Academic/Ranking.php(62): view('Academic/Rankin...', Array)
#9 /home/vinnyvinny/code/projects/aspire/system/CodeIgniter.php(920): App\Controllers\Academic\Ranking->get()
#10 /home/vinnyvinny/code/projects/aspire/system/CodeIgniter.php(406): CodeIgniter\CodeIgniter->runController(Object(App\Controllers\Academic\Ranking))
#11 /home/vinnyvinny/code/projects/aspire/system/CodeIgniter.php(314): CodeIgniter\CodeIgniter->handleRequest(NULL, Object(Config\Cache), false)
#12 /home/vinnyvinny/code/projects/aspire/index.php(48): CodeIgniter\CodeIgniter->run()
#13 {main}
CRITICAL - 2022-03-03 16:56:09 --> Incorrect number of arguments for PROCEDURE aspire_db.PExamResult; expected 3, got 4
#0 /home/vinnyvinny/code/projects/aspire/system/Database/MySQLi/Connection.php(331): mysqli->query('CALL PExamResul...')
#1 /home/vinnyvinny/code/projects/aspire/system/Database/BaseConnection.php(741): CodeIgniter\Database\MySQLi\Connection->execute('CALL PExamResul...')
#2 /home/vinnyvinny/code/projects/aspire/system/Database/BaseConnection.php(669): CodeIgniter\Database\BaseConnection->simpleQuery('CALL PExamResul...')
#3 /home/vinnyvinny/code/projects/aspire/app/Libraries/YearlyResults.php(220): CodeIgniter\Database\BaseConnection->query('CALL PExamResul...')
#4 /home/vinnyvinny/code/projects/aspire/app/Libraries/YearlyResults.php(119): App\Libraries\YearlyResults->getSemesterExams('4', 548)
#5 /home/vinnyvinny/code/projects/aspire/app/Views/Academic/Ranking/get.php(19): App\Libraries\YearlyResults->getSemesterTotalResultsPerSubject('4', 548)
#6 /home/vinnyvinny/code/projects/aspire/system/View/View.php(246): include('/home/vinnyvinn...')
#7 /home/vinnyvinny/code/projects/aspire/system/Common.php(1119): CodeIgniter\View\View->render('Academic/Rankin...', Array, true)
#8 /home/vinnyvinny/code/projects/aspire/app/Controllers/Academic/Ranking.php(62): view('Academic/Rankin...', Array)
#9 /home/vinnyvinny/code/projects/aspire/system/CodeIgniter.php(920): App\Controllers\Academic\Ranking->get()
#10 /home/vinnyvinny/code/projects/aspire/system/CodeIgniter.php(406): CodeIgniter\CodeIgniter->runController(Object(App\Controllers\Academic\Ranking))
#11 /home/vinnyvinny/code/projects/aspire/system/CodeIgniter.php(314): CodeIgniter\CodeIgniter->handleRequest(NULL, Object(Config\Cache), false)
#12 /home/vinnyvinny/code/projects/aspire/index.php(48): CodeIgniter\CodeIgniter->run()
#13 {main}
ERROR - 2022-03-03 17:00:03 --> mysqli_sql_exception: Invalid JSON text: "The document root must not be followed by other values." at position 2 in value for column '.ids'. in /home/vinnyvinny/code/projects/aspire/system/Database/MySQLi/Connection.php:331
Stack trace:
#0 /home/vinnyvinny/code/projects/aspire/system/Database/MySQLi/Connection.php(331): mysqli->query('CALL PExamResul...')
#1 /home/vinnyvinny/code/projects/aspire/system/Database/BaseConnection.php(741): CodeIgniter\Database\MySQLi\Connection->execute('CALL PExamResul...')
#2 /home/vinnyvinny/code/projects/aspire/system/Database/BaseConnection.php(669): CodeIgniter\Database\BaseConnection->simpleQuery('CALL PExamResul...')
#3 /home/vinnyvinny/code/projects/aspire/app/Libraries/YearlyResults.php(220): CodeIgniter\Database\BaseConnection->query('CALL PExamResul...')
#4 /home/vinnyvinny/code/projects/aspire/app/Libraries/YearlyResults.php(119): App\Libraries\YearlyResults->getSemesterExams('4', 548)
#5 /home/vinnyvinny/code/projects/aspire/app/Views/Academic/Ranking/get.php(19): App\Libraries\YearlyResults->getSemesterTotalResultsPerSubject('4', 548)
#6 /home/vinnyvinny/code/projects/aspire/system/View/View.php(246): include('/home/vinnyvinn...')
#7 /home/vinnyvinny/code/projects/aspire/system/Common.php(1119): CodeIgniter\View\View->render('Academic/Rankin...', Array, true)
#8 /home/vinnyvinny/code/projects/aspire/app/Controllers/Academic/Ranking.php(62): view('Academic/Rankin...', Array)
#9 /home/vinnyvinny/code/projects/aspire/system/CodeIgniter.php(920): App\Controllers\Academic\Ranking->get()
#10 /home/vinnyvinny/code/projects/aspire/system/CodeIgniter.php(406): CodeIgniter\CodeIgniter->runController(Object(App\Controllers\Academic\Ranking))
#11 /home/vinnyvinny/code/projects/aspire/system/CodeIgniter.php(314): CodeIgniter\CodeIgniter->handleRequest(NULL, Object(Config\Cache), false)
#12 /home/vinnyvinny/code/projects/aspire/index.php(48): CodeIgniter\CodeIgniter->run()
#13 {main}
CRITICAL - 2022-03-03 17:00:03 --> Invalid JSON text: "The document root must not be followed by other values." at position 2 in value for column '.ids'.
#0 /home/vinnyvinny/code/projects/aspire/system/Database/MySQLi/Connection.php(331): mysqli->query('CALL PExamResul...')
#1 /home/vinnyvinny/code/projects/aspire/system/Database/BaseConnection.php(741): CodeIgniter\Database\MySQLi\Connection->execute('CALL PExamResul...')
#2 /home/vinnyvinny/code/projects/aspire/system/Database/BaseConnection.php(669): CodeIgniter\Database\BaseConnection->simpleQuery('CALL PExamResul...')
#3 /home/vinnyvinny/code/projects/aspire/app/Libraries/YearlyResults.php(220): CodeIgniter\Database\BaseConnection->query('CALL PExamResul...')
#4 /home/vinnyvinny/code/projects/aspire/app/Libraries/YearlyResults.php(119): App\Libraries\YearlyResults->getSemesterExams('4', 548)
#5 /home/vinnyvinny/code/projects/aspire/app/Views/Academic/Ranking/get.php(19): App\Libraries\YearlyResults->getSemesterTotalResultsPerSubject('4', 548)
#6 /home/vinnyvinny/code/projects/aspire/system/View/View.php(246): include('/home/vinnyvinn...')
#7 /home/vinnyvinny/code/projects/aspire/system/Common.php(1119): CodeIgniter\View\View->render('Academic/Rankin...', Array, true)
#8 /home/vinnyvinny/code/projects/aspire/app/Controllers/Academic/Ranking.php(62): view('Academic/Rankin...', Array)
#9 /home/vinnyvinny/code/projects/aspire/system/CodeIgniter.php(920): App\Controllers\Academic\Ranking->get()
#10 /home/vinnyvinny/code/projects/aspire/system/CodeIgniter.php(406): CodeIgniter\CodeIgniter->runController(Object(App\Controllers\Academic\Ranking))
#11 /home/vinnyvinny/code/projects/aspire/system/CodeIgniter.php(314): CodeIgniter\CodeIgniter->handleRequest(NULL, Object(Config\Cache), false)
#12 /home/vinnyvinny/code/projects/aspire/index.php(48): CodeIgniter\CodeIgniter->run()
#13 {main}
ERROR - 2022-03-03 17:00:35 --> mysqli_sql_exception: Invalid JSON text: "The document root must not be followed by other values." at position 2 in value for column '.ids'. in /home/vinnyvinny/code/projects/aspire/system/Database/MySQLi/Connection.php:331
Stack trace:
#0 /home/vinnyvinny/code/projects/aspire/system/Database/MySQLi/Connection.php(331): mysqli->query('CALL PExamResul...')
#1 /home/vinnyvinny/code/projects/aspire/system/Database/BaseConnection.php(741): CodeIgniter\Database\MySQLi\Connection->execute('CALL PExamResul...')
#2 /home/vinnyvinny/code/projects/aspire/system/Database/BaseConnection.php(669): CodeIgniter\Database\BaseConnection->simpleQuery('CALL PExamResul...')
#3 /home/vinnyvinny/code/projects/aspire/app/Libraries/YearlyResults.php(220): CodeIgniter\Database\BaseConnection->query('CALL PExamResul...')
#4 /home/vinnyvinny/code/projects/aspire/app/Libraries/YearlyResults.php(119): App\Libraries\YearlyResults->getSemesterExams('4', 548)
#5 /home/vinnyvinny/code/projects/aspire/app/Views/Academic/Ranking/get.php(19): App\Libraries\YearlyResults->getSemesterTotalResultsPerSubject('4', 548)
#6 /home/vinnyvinny/code/projects/aspire/system/View/View.php(246): include('/home/vinnyvinn...')
#7 /home/vinnyvinny/code/projects/aspire/system/Common.php(1119): CodeIgniter\View\View->render('Academic/Rankin...', Array, true)
#8 /home/vinnyvinny/code/projects/aspire/app/Controllers/Academic/Ranking.php(62): view('Academic/Rankin...', Array)
#9 /home/vinnyvinny/code/projects/aspire/system/CodeIgniter.php(920): App\Controllers\Academic\Ranking->get()
#10 /home/vinnyvinny/code/projects/aspire/system/CodeIgniter.php(406): CodeIgniter\CodeIgniter->runController(Object(App\Controllers\Academic\Ranking))
#11 /home/vinnyvinny/code/projects/aspire/system/CodeIgniter.php(314): CodeIgniter\CodeIgniter->handleRequest(NULL, Object(Config\Cache), false)
#12 /home/vinnyvinny/code/projects/aspire/index.php(48): CodeIgniter\CodeIgniter->run()
#13 {main}
CRITICAL - 2022-03-03 17:00:35 --> Invalid JSON text: "The document root must not be followed by other values." at position 2 in value for column '.ids'.
#0 /home/vinnyvinny/code/projects/aspire/system/Database/MySQLi/Connection.php(331): mysqli->query('CALL PExamResul...')
#1 /home/vinnyvinny/code/projects/aspire/system/Database/BaseConnection.php(741): CodeIgniter\Database\MySQLi\Connection->execute('CALL PExamResul...')
#2 /home/vinnyvinny/code/projects/aspire/system/Database/BaseConnection.php(669): CodeIgniter\Database\BaseConnection->simpleQuery('CALL PExamResul...')
#3 /home/vinnyvinny/code/projects/aspire/app/Libraries/YearlyResults.php(220): CodeIgniter\Database\BaseConnection->query('CALL PExamResul...')
#4 /home/vinnyvinny/code/projects/aspire/app/Libraries/YearlyResults.php(119): App\Libraries\YearlyResults->getSemesterExams('4', 548)
#5 /home/vinnyvinny/code/projects/aspire/app/Views/Academic/Ranking/get.php(19): App\Libraries\YearlyResults->getSemesterTotalResultsPerSubject('4', 548)
#6 /home/vinnyvinny/code/projects/aspire/system/View/View.php(246): include('/home/vinnyvinn...')
#7 /home/vinnyvinny/code/projects/aspire/system/Common.php(1119): CodeIgniter\View\View->render('Academic/Rankin...', Array, true)
#8 /home/vinnyvinny/code/projects/aspire/app/Controllers/Academic/Ranking.php(62): view('Academic/Rankin...', Array)
#9 /home/vinnyvinny/code/projects/aspire/system/CodeIgniter.php(920): App\Controllers\Academic\Ranking->get()
#10 /home/vinnyvinny/code/projects/aspire/system/CodeIgniter.php(406): CodeIgniter\CodeIgniter->runController(Object(App\Controllers\Academic\Ranking))
#11 /home/vinnyvinny/code/projects/aspire/system/CodeIgniter.php(314): CodeIgniter\CodeIgniter->handleRequest(NULL, Object(Config\Cache), false)
#12 /home/vinnyvinny/code/projects/aspire/index.php(48): CodeIgniter\CodeIgniter->run()
#13 {main}
ERROR - 2022-03-03 17:11:34 --> mysqli_sql_exception: Unknown column 'DISTINCT' in 'field list' in /home/vinnyvinny/code/projects/aspire/system/Database/MySQLi/Connection.php:331
Stack trace:
#0 /home/vinnyvinny/code/projects/aspire/system/Database/MySQLi/Connection.php(331): mysqli->query('SELECT `DISTINC...')
#1 /home/vinnyvinny/code/projects/aspire/system/Database/BaseConnection.php(741): CodeIgniter\Database\MySQLi\Connection->execute('SELECT `DISTINC...')
#2 /home/vinnyvinny/code/projects/aspire/system/Database/BaseConnection.php(669): CodeIgniter\Database\BaseConnection->simpleQuery('SELECT `DISTINC...')
#3 /home/vinnyvinny/code/projects/aspire/system/Database/BaseBuilder.php(1860): CodeIgniter\Database\BaseConnection->query('SELECT `DISTINC...', Array, false)
#4 /home/vinnyvinny/code/projects/aspire/system/Model.php(1818): CodeIgniter\Database\BaseBuilder->get()
#5 /home/vinnyvinny/code/projects/aspire/app/Libraries/YearlyResults.php(231): CodeIgniter\Model->__call('get', Array)
#6 /home/vinnyvinny/code/projects/aspire/app/Libraries/YearlyResults.php(119): App\Libraries\YearlyResults->getSemesterExams('4', 548)
#7 /home/vinnyvinny/code/projects/aspire/app/Views/Academic/Ranking/get.php(19): App\Libraries\YearlyResults->getSemesterTotalResultsPerSubject('4', 548)
#8 /home/vinnyvinny/code/projects/aspire/system/View/View.php(246): include('/home/vinnyvinn...')
#9 /home/vinnyvinny/code/projects/aspire/system/Common.php(1119): CodeIgniter\View\View->render('Academic/Rankin...', Array, true)
#10 /home/vinnyvinny/code/projects/aspire/app/Controllers/Academic/Ranking.php(62): view('Academic/Rankin...', Array)
#11 /home/vinnyvinny/code/projects/aspire/system/CodeIgniter.php(920): App\Controllers\Academic\Ranking->get()
#12 /home/vinnyvinny/code/projects/aspire/system/CodeIgniter.php(406): CodeIgniter\CodeIgniter->runController(Object(App\Controllers\Academic\Ranking))
#13 /home/vinnyvinny/code/projects/aspire/system/CodeIgniter.php(314): CodeIgniter\CodeIgniter->handleRequest(NULL, Object(Config\Cache), false)
#14 /home/vinnyvinny/code/projects/aspire/index.php(48): CodeIgniter\CodeIgniter->run()
#15 {main}
CRITICAL - 2022-03-03 17:11:34 --> Unknown column 'DISTINCT' in 'field list'
#0 /home/vinnyvinny/code/projects/aspire/system/Database/MySQLi/Connection.php(331): mysqli->query('SELECT `DISTINC...')
#1 /home/vinnyvinny/code/projects/aspire/system/Database/BaseConnection.php(741): CodeIgniter\Database\MySQLi\Connection->execute('SELECT `DISTINC...')
#2 /home/vinnyvinny/code/projects/aspire/system/Database/BaseConnection.php(669): CodeIgniter\Database\BaseConnection->simpleQuery('SELECT `DISTINC...')
#3 /home/vinnyvinny/code/projects/aspire/system/Database/BaseBuilder.php(1860): CodeIgniter\Database\BaseConnection->query('SELECT `DISTINC...', Array, false)
#4 /home/vinnyvinny/code/projects/aspire/system/Model.php(1818): CodeIgniter\Database\BaseBuilder->get()
#5 /home/vinnyvinny/code/projects/aspire/app/Libraries/YearlyResults.php(231): CodeIgniter\Model->__call('get', Array)
#6 /home/vinnyvinny/code/projects/aspire/app/Libraries/YearlyResults.php(119): App\Libraries\YearlyResults->getSemesterExams('4', 548)
#7 /home/vinnyvinny/code/projects/aspire/app/Views/Academic/Ranking/get.php(19): App\Libraries\YearlyResults->getSemesterTotalResultsPerSubject('4', 548)
#8 /home/vinnyvinny/code/projects/aspire/system/View/View.php(246): include('/home/vinnyvinn...')
#9 /home/vinnyvinny/code/projects/aspire/system/Common.php(1119): CodeIgniter\View\View->render('Academic/Rankin...', Array, true)
#10 /home/vinnyvinny/code/projects/aspire/app/Controllers/Academic/Ranking.php(62): view('Academic/Rankin...', Array)
#11 /home/vinnyvinny/code/projects/aspire/system/CodeIgniter.php(920): App\Controllers\Academic\Ranking->get()
#12 /home/vinnyvinny/code/projects/aspire/system/CodeIgniter.php(406): CodeIgniter\CodeIgniter->runController(Object(App\Controllers\Academic\Ranking))
#13 /home/vinnyvinny/code/projects/aspire/system/CodeIgniter.php(314): CodeIgniter\CodeIgniter->handleRequest(NULL, Object(Config\Cache), false)
#14 /home/vinnyvinny/code/projects/aspire/index.php(48): CodeIgniter\CodeIgniter->run()
#15 {main}
ERROR - 2022-03-03 17:24:43 --> mysqli_sql_exception: Unknown column 'SUM' in 'field list' in /home/vinnyvinny/code/projects/aspire/system/Database/MySQLi/Connection.php:331
Stack trace:
#0 /home/vinnyvinny/code/projects/aspire/system/Database/MySQLi/Connection.php(331): mysqli->query('SELECT `SUM` `e...')
#1 /home/vinnyvinny/code/projects/aspire/system/Database/BaseConnection.php(741): CodeIgniter\Database\MySQLi\Connection->execute('SELECT `SUM` `e...')
#2 /home/vinnyvinny/code/projects/aspire/system/Database/BaseConnection.php(669): CodeIgniter\Database\BaseConnection->simpleQuery('SELECT `SUM` `e...')
#3 /home/vinnyvinny/code/projects/aspire/system/Database/BaseBuilder.php(1860): CodeIgniter\Database\BaseConnection->query('SELECT `SUM` `e...', Array, false)
#4 /home/vinnyvinny/code/projects/aspire/system/Model.php(1818): CodeIgniter\Database\BaseBuilder->get()
#5 /home/vinnyvinny/code/projects/aspire/app/Libraries/YearlyResults.php(238): CodeIgniter\Model->__call('get', Array)
#6 /home/vinnyvinny/code/projects/aspire/app/Libraries/YearlyResults.php(119): App\Libraries\YearlyResults->getSemesterExams('4', 548)
#7 /home/vinnyvinny/code/projects/aspire/app/Views/Academic/Ranking/get.php(19): App\Libraries\YearlyResults->getSemesterTotalResultsPerSubject('4', 548)
#8 /home/vinnyvinny/code/projects/aspire/system/View/View.php(246): include('/home/vinnyvinn...')
#9 /home/vinnyvinny/code/projects/aspire/system/Common.php(1119): CodeIgniter\View\View->render('Academic/Rankin...', Array, true)
#10 /home/vinnyvinny/code/projects/aspire/app/Controllers/Academic/Ranking.php(62): view('Academic/Rankin...', Array)
#11 /home/vinnyvinny/code/projects/aspire/system/CodeIgniter.php(920): App\Controllers\Academic\Ranking->get()
#12 /home/vinnyvinny/code/projects/aspire/system/CodeIgniter.php(406): CodeIgniter\CodeIgniter->runController(Object(App\Controllers\Academic\Ranking))
#13 /home/vinnyvinny/code/projects/aspire/system/CodeIgniter.php(314): CodeIgniter\CodeIgniter->handleRequest(NULL, Object(Config\Cache), false)
#14 /home/vinnyvinny/code/projects/aspire/index.php(48): CodeIgniter\CodeIgniter->run()
#15 {main}
CRITICAL - 2022-03-03 17:24:43 --> Unknown column 'SUM' in 'field list'
#0 /home/vinnyvinny/code/projects/aspire/system/Database/MySQLi/Connection.php(331): mysqli->query('SELECT `SUM` `e...')
#1 /home/vinnyvinny/code/projects/aspire/system/Database/BaseConnection.php(741): CodeIgniter\Database\MySQLi\Connection->execute('SELECT `SUM` `e...')
#2 /home/vinnyvinny/code/projects/aspire/system/Database/BaseConnection.php(669): CodeIgniter\Database\BaseConnection->simpleQuery('SELECT `SUM` `e...')
#3 /home/vinnyvinny/code/projects/aspire/system/Database/BaseBuilder.php(1860): CodeIgniter\Database\BaseConnection->query('SELECT `SUM` `e...', Array, false)
#4 /home/vinnyvinny/code/projects/aspire/system/Model.php(1818): CodeIgniter\Database\BaseBuilder->get()
#5 /home/vinnyvinny/code/projects/aspire/app/Libraries/YearlyResults.php(238): CodeIgniter\Model->__call('get', Array)
#6 /home/vinnyvinny/code/projects/aspire/app/Libraries/YearlyResults.php(119): App\Libraries\YearlyResults->getSemesterExams('4', 548)
#7 /home/vinnyvinny/code/projects/aspire/app/Views/Academic/Ranking/get.php(19): App\Libraries\YearlyResults->getSemesterTotalResultsPerSubject('4', 548)
#8 /home/vinnyvinny/code/projects/aspire/system/View/View.php(246): include('/home/vinnyvinn...')
#9 /home/vinnyvinny/code/projects/aspire/system/Common.php(1119): CodeIgniter\View\View->render('Academic/Rankin...', Array, true)
#10 /home/vinnyvinny/code/projects/aspire/app/Controllers/Academic/Ranking.php(62): view('Academic/Rankin...', Array)
#11 /home/vinnyvinny/code/projects/aspire/system/CodeIgniter.php(920): App\Controllers\Academic\Ranking->get()
#12 /home/vinnyvinny/code/projects/aspire/system/CodeIgniter.php(406): CodeIgniter\CodeIgniter->runController(Object(App\Controllers\Academic\Ranking))
#13 /home/vinnyvinny/code/projects/aspire/system/CodeIgniter.php(314): CodeIgniter\CodeIgniter->handleRequest(NULL, Object(Config\Cache), false)
#14 /home/vinnyvinny/code/projects/aspire/index.php(48): CodeIgniter\CodeIgniter->run()
#15 {main}
ERROR - 2022-03-03 17:30:55 --> mysqli_sql_exception: Incorrect number of arguments for PROCEDURE aspire_db.PExamResultSubject; expected 4, got 8 in /home/vinnyvinny/code/projects/aspire/system/Database/MySQLi/Connection.php:331
Stack trace:
#0 /home/vinnyvinny/code/projects/aspire/system/Database/MySQLi/Connection.php(331): mysqli->query('CALL PExamResul...')
#1 /home/vinnyvinny/code/projects/aspire/system/Database/BaseConnection.php(741): CodeIgniter\Database\MySQLi\Connection->execute('CALL PExamResul...')
#2 /home/vinnyvinny/code/projects/aspire/system/Database/BaseConnection.php(669): CodeIgniter\Database\BaseConnection->simpleQuery('CALL PExamResul...')
#3 /home/vinnyvinny/code/projects/aspire/app/Libraries/YearlyResults.php(219): CodeIgniter\Database\BaseConnection->query('CALL PExamResul...')
#4 /home/vinnyvinny/code/projects/aspire/app/Libraries/YearlyResults.php(119): App\Libraries\YearlyResults->getSemesterExams('4', 548)
#5 /home/vinnyvinny/code/projects/aspire/app/Views/Academic/Ranking/get.php(19): App\Libraries\YearlyResults->getSemesterTotalResultsPerSubject('4', 548)
#6 /home/vinnyvinny/code/projects/aspire/system/View/View.php(246): include('/home/vinnyvinn...')
#7 /home/vinnyvinny/code/projects/aspire/system/Common.php(1119): CodeIgniter\View\View->render('Academic/Rankin...', Array, true)
#8 /home/vinnyvinny/code/projects/aspire/app/Controllers/Academic/Ranking.php(62): view('Academic/Rankin...', Array)
#9 /home/vinnyvinny/code/projects/aspire/system/CodeIgniter.php(920): App\Controllers\Academic\Ranking->get()
#10 /home/vinnyvinny/code/projects/aspire/system/CodeIgniter.php(406): CodeIgniter\CodeIgniter->runController(Object(App\Controllers\Academic\Ranking))
#11 /home/vinnyvinny/code/projects/aspire/system/CodeIgniter.php(314): CodeIgniter\CodeIgniter->handleRequest(NULL, Object(Config\Cache), false)
#12 /home/vinnyvinny/code/projects/aspire/index.php(48): CodeIgniter\CodeIgniter->run()
#13 {main}
CRITICAL - 2022-03-03 17:30:55 --> Incorrect number of arguments for PROCEDURE aspire_db.PExamResultSubject; expected 4, got 8
#0 /home/vinnyvinny/code/projects/aspire/system/Database/MySQLi/Connection.php(331): mysqli->query('CALL PExamResul...')
#1 /home/vinnyvinny/code/projects/aspire/system/Database/BaseConnection.php(741): CodeIgniter\Database\MySQLi\Connection->execute('CALL PExamResul...')
#2 /home/vinnyvinny/code/projects/aspire/system/Database/BaseConnection.php(669): CodeIgniter\Database\BaseConnection->simpleQuery('CALL PExamResul...')
#3 /home/vinnyvinny/code/projects/aspire/app/Libraries/YearlyResults.php(219): CodeIgniter\Database\BaseConnection->query('CALL PExamResul...')
#4 /home/vinnyvinny/code/projects/aspire/app/Libraries/YearlyResults.php(119): App\Libraries\YearlyResults->getSemesterExams('4', 548)
#5 /home/vinnyvinny/code/projects/aspire/app/Views/Academic/Ranking/get.php(19): App\Libraries\YearlyResults->getSemesterTotalResultsPerSubject('4', 548)
#6 /home/vinnyvinny/code/projects/aspire/system/View/View.php(246): include('/home/vinnyvinn...')
#7 /home/vinnyvinny/code/projects/aspire/system/Common.php(1119): CodeIgniter\View\View->render('Academic/Rankin...', Array, true)
#8 /home/vinnyvinny/code/projects/aspire/app/Controllers/Academic/Ranking.php(62): view('Academic/Rankin...', Array)
#9 /home/vinnyvinny/code/projects/aspire/system/CodeIgniter.php(920): App\Controllers\Academic\Ranking->get()
#10 /home/vinnyvinny/code/projects/aspire/system/CodeIgniter.php(406): CodeIgniter\CodeIgniter->runController(Object(App\Controllers\Academic\Ranking))
#11 /home/vinnyvinny/code/projects/aspire/system/CodeIgniter.php(314): CodeIgniter\CodeIgniter->handleRequest(NULL, Object(Config\Cache), false)
#12 /home/vinnyvinny/code/projects/aspire/index.php(48): CodeIgniter\CodeIgniter->run()
#13 {main}
ERROR - 2022-03-03 17:31:32 --> mysqli_sql_exception: Incorrect number of arguments for PROCEDURE aspire_db.PExamResultSubject; expected 4, got 5 in /home/vinnyvinny/code/projects/aspire/system/Database/MySQLi/Connection.php:331
Stack trace:
#0 /home/vinnyvinny/code/projects/aspire/system/Database/MySQLi/Connection.php(331): mysqli->query('CALL PExamResul...')
#1 /home/vinnyvinny/code/projects/aspire/system/Database/BaseConnection.php(741): CodeIgniter\Database\MySQLi\Connection->execute('CALL PExamResul...')
#2 /home/vinnyvinny/code/projects/aspire/system/Database/BaseConnection.php(669): CodeIgniter\Database\BaseConnection->simpleQuery('CALL PExamResul...')
#3 /home/vinnyvinny/code/projects/aspire/app/Libraries/YearlyResults.php(219): CodeIgniter\Database\BaseConnection->query('CALL PExamResul...')
#4 /home/vinnyvinny/code/projects/aspire/app/Libraries/YearlyResults.php(119): App\Libraries\YearlyResults->getSemesterExams('4', 548)
#5 /home/vinnyvinny/code/projects/aspire/app/Views/Academic/Ranking/get.php(19): App\Libraries\YearlyResults->getSemesterTotalResultsPerSubject('4', 548)
#6 /home/vinnyvinny/code/projects/aspire/system/View/View.php(246): include('/home/vinnyvinn...')
#7 /home/vinnyvinny/code/projects/aspire/system/Common.php(1119): CodeIgniter\View\View->render('Academic/Rankin...', Array, true)
#8 /home/vinnyvinny/code/projects/aspire/app/Controllers/Academic/Ranking.php(62): view('Academic/Rankin...', Array)
#9 /home/vinnyvinny/code/projects/aspire/system/CodeIgniter.php(920): App\Controllers\Academic\Ranking->get()
#10 /home/vinnyvinny/code/projects/aspire/system/CodeIgniter.php(406): CodeIgniter\CodeIgniter->runController(Object(App\Controllers\Academic\Ranking))
#11 /home/vinnyvinny/code/projects/aspire/system/CodeIgniter.php(314): CodeIgniter\CodeIgniter->handleRequest(NULL, Object(Config\Cache), false)
#12 /home/vinnyvinny/code/projects/aspire/index.php(48): CodeIgniter\CodeIgniter->run()
#13 {main}
CRITICAL - 2022-03-03 17:31:32 --> Incorrect number of arguments for PROCEDURE aspire_db.PExamResultSubject; expected 4, got 5
#0 /home/vinnyvinny/code/projects/aspire/system/Database/MySQLi/Connection.php(331): mysqli->query('CALL PExamResul...')
#1 /home/vinnyvinny/code/projects/aspire/system/Database/BaseConnection.php(741): CodeIgniter\Database\MySQLi\Connection->execute('CALL PExamResul...')
#2 /home/vinnyvinny/code/projects/aspire/system/Database/BaseConnection.php(669): CodeIgniter\Database\BaseConnection->simpleQuery('CALL PExamResul...')
#3 /home/vinnyvinny/code/projects/aspire/app/Libraries/YearlyResults.php(219): CodeIgniter\Database\BaseConnection->query('CALL PExamResul...')
#4 /home/vinnyvinny/code/projects/aspire/app/Libraries/YearlyResults.php(119): App\Libraries\YearlyResults->getSemesterExams('4', 548)
#5 /home/vinnyvinny/code/projects/aspire/app/Views/Academic/Ranking/get.php(19): App\Libraries\YearlyResults->getSemesterTotalResultsPerSubject('4', 548)
#6 /home/vinnyvinny/code/projects/aspire/system/View/View.php(246): include('/home/vinnyvinn...')
#7 /home/vinnyvinny/code/projects/aspire/system/Common.php(1119): CodeIgniter\View\View->render('Academic/Rankin...', Array, true)
#8 /home/vinnyvinny/code/projects/aspire/app/Controllers/Academic/Ranking.php(62): view('Academic/Rankin...', Array)
#9 /home/vinnyvinny/code/projects/aspire/system/CodeIgniter.php(920): App\Controllers\Academic\Ranking->get()
#10 /home/vinnyvinny/code/projects/aspire/system/CodeIgniter.php(406): CodeIgniter\CodeIgniter->runController(Object(App\Controllers\Academic\Ranking))
#11 /home/vinnyvinny/code/projects/aspire/system/CodeIgniter.php(314): CodeIgniter\CodeIgniter->handleRequest(NULL, Object(Config\Cache), false)
#12 /home/vinnyvinny/code/projects/aspire/index.php(48): CodeIgniter\CodeIgniter->run()
#13 {main}
ERROR - 2022-03-03 17:52:44 --> mysqli_sql_exception: Unknown column 'DISTINCT' in 'field list' in /home/vinnyvinny/code/projects/aspire/system/Database/MySQLi/Connection.php:331
Stack trace:
#0 /home/vinnyvinny/code/projects/aspire/system/Database/MySQLi/Connection.php(331): mysqli->query('SELECT `DISTINC...')
#1 /home/vinnyvinny/code/projects/aspire/system/Database/BaseConnection.php(741): CodeIgniter\Database\MySQLi\Connection->execute('SELECT `DISTINC...')
#2 /home/vinnyvinny/code/projects/aspire/system/Database/BaseConnection.php(669): CodeIgniter\Database\BaseConnection->simpleQuery('SELECT `DISTINC...')
#3 /home/vinnyvinny/code/projects/aspire/system/Database/BaseBuilder.php(1860): CodeIgniter\Database\BaseConnection->query('SELECT `DISTINC...', Array, false)
#4 /home/vinnyvinny/code/projects/aspire/system/Model.php(1818): CodeIgniter\Database\BaseBuilder->get()
#5 /home/vinnyvinny/code/projects/aspire/app/Libraries/YearlyResults.php(229): CodeIgniter\Model->__call('get', Array)
#6 /home/vinnyvinny/code/projects/aspire/app/Libraries/YearlyResults.php(119): App\Libraries\YearlyResults->getSemesterExams('4', 548)
#7 /home/vinnyvinny/code/projects/aspire/app/Views/Academic/Ranking/get.php(19): App\Libraries\YearlyResults->getSemesterTotalResultsPerSubject('4', 548)
#8 /home/vinnyvinny/code/projects/aspire/system/View/View.php(246): include('/home/vinnyvinn...')
#9 /home/vinnyvinny/code/projects/aspire/system/Common.php(1119): CodeIgniter\View\View->render('Academic/Rankin...', Array, true)
#10 /home/vinnyvinny/code/projects/aspire/app/Controllers/Academic/Ranking.php(62): view('Academic/Rankin...', Array)
#11 /home/vinnyvinny/code/projects/aspire/system/CodeIgniter.php(920): App\Controllers\Academic\Ranking->get()
#12 /home/vinnyvinny/code/projects/aspire/system/CodeIgniter.php(406): CodeIgniter\CodeIgniter->runController(Object(App\Controllers\Academic\Ranking))
#13 /home/vinnyvinny/code/projects/aspire/system/CodeIgniter.php(314): CodeIgniter\CodeIgniter->handleRequest(NULL, Object(Config\Cache), false)
#14 /home/vinnyvinny/code/projects/aspire/index.php(48): CodeIgniter\CodeIgniter->run()
#15 {main}
CRITICAL - 2022-03-03 17:52:44 --> Unknown column 'DISTINCT' in 'field list'
#0 /home/vinnyvinny/code/projects/aspire/system/Database/MySQLi/Connection.php(331): mysqli->query('SELECT `DISTINC...')
#1 /home/vinnyvinny/code/projects/aspire/system/Database/BaseConnection.php(741): CodeIgniter\Database\MySQLi\Connection->execute('SELECT `DISTINC...')
#2 /home/vinnyvinny/code/projects/aspire/system/Database/BaseConnection.php(669): CodeIgniter\Database\BaseConnection->simpleQuery('SELECT `DISTINC...')
#3 /home/vinnyvinny/code/projects/aspire/system/Database/BaseBuilder.php(1860): CodeIgniter\Database\BaseConnection->query('SELECT `DISTINC...', Array, false)
#4 /home/vinnyvinny/code/projects/aspire/system/Model.php(1818): CodeIgniter\Database\BaseBuilder->get()
#5 /home/vinnyvinny/code/projects/aspire/app/Libraries/YearlyResults.php(229): CodeIgniter\Model->__call('get', Array)
#6 /home/vinnyvinny/code/projects/aspire/app/Libraries/YearlyResults.php(119): App\Libraries\YearlyResults->getSemesterExams('4', 548)
#7 /home/vinnyvinny/code/projects/aspire/app/Views/Academic/Ranking/get.php(19): App\Libraries\YearlyResults->getSemesterTotalResultsPerSubject('4', 548)
#8 /home/vinnyvinny/code/projects/aspire/system/View/View.php(246): include('/home/vinnyvinn...')
#9 /home/vinnyvinny/code/projects/aspire/system/Common.php(1119): CodeIgniter\View\View->render('Academic/Rankin...', Array, true)
#10 /home/vinnyvinny/code/projects/aspire/app/Controllers/Academic/Ranking.php(62): view('Academic/Rankin...', Array)
#11 /home/vinnyvinny/code/projects/aspire/system/CodeIgniter.php(920): App\Controllers\Academic\Ranking->get()
#12 /home/vinnyvinny/code/projects/aspire/system/CodeIgniter.php(406): CodeIgniter\CodeIgniter->runController(Object(App\Controllers\Academic\Ranking))
#13 /home/vinnyvinny/code/projects/aspire/system/CodeIgniter.php(314): CodeIgniter\CodeIgniter->handleRequest(NULL, Object(Config\Cache), false)
#14 /home/vinnyvinny/code/projects/aspire/index.php(48): CodeIgniter\CodeIgniter->run()
#15 {main}
ERROR - 2022-03-03 17:53:12 --> mysqli_sql_exception: Unknown column 'DISTINCT' in 'field list' in /home/vinnyvinny/code/projects/aspire/system/Database/MySQLi/Connection.php:331
Stack trace:
#0 /home/vinnyvinny/code/projects/aspire/system/Database/MySQLi/Connection.php(331): mysqli->query('SELECT `DISTINC...')
#1 /home/vinnyvinny/code/projects/aspire/system/Database/BaseConnection.php(741): CodeIgniter\Database\MySQLi\Connection->execute('SELECT `DISTINC...')
#2 /home/vinnyvinny/code/projects/aspire/system/Database/BaseConnection.php(669): CodeIgniter\Database\BaseConnection->simpleQuery('SELECT `DISTINC...')
#3 /home/vinnyvinny/code/projects/aspire/system/Database/BaseBuilder.php(1860): CodeIgniter\Database\BaseConnection->query('SELECT `DISTINC...', Array, false)
#4 /home/vinnyvinny/code/projects/aspire/system/Model.php(1818): CodeIgniter\Database\BaseBuilder->get()
#5 /home/vinnyvinny/code/projects/aspire/app/Libraries/YearlyResults.php(229): CodeIgniter\Model->__call('get', Array)
#6 /home/vinnyvinny/code/projects/aspire/app/Libraries/YearlyResults.php(119): App\Libraries\YearlyResults->getSemesterExams('4', 548)
#7 /home/vinnyvinny/code/projects/aspire/app/Views/Academic/Ranking/get.php(19): App\Libraries\YearlyResults->getSemesterTotalResultsPerSubject('4', 548)
#8 /home/vinnyvinny/code/projects/aspire/system/View/View.php(246): include('/home/vinnyvinn...')
#9 /home/vinnyvinny/code/projects/aspire/system/Common.php(1119): CodeIgniter\View\View->render('Academic/Rankin...', Array, true)
#10 /home/vinnyvinny/code/projects/aspire/app/Controllers/Academic/Ranking.php(62): view('Academic/Rankin...', Array)
#11 /home/vinnyvinny/code/projects/aspire/system/CodeIgniter.php(920): App\Controllers\Academic\Ranking->get()
#12 /home/vinnyvinny/code/projects/aspire/system/CodeIgniter.php(406): CodeIgniter\CodeIgniter->runController(Object(App\Controllers\Academic\Ranking))
#13 /home/vinnyvinny/code/projects/aspire/system/CodeIgniter.php(314): CodeIgniter\CodeIgniter->handleRequest(NULL, Object(Config\Cache), false)
#14 /home/vinnyvinny/code/projects/aspire/index.php(48): CodeIgniter\CodeIgniter->run()
#15 {main}
CRITICAL - 2022-03-03 17:53:12 --> Unknown column 'DISTINCT' in 'field list'
#0 /home/vinnyvinny/code/projects/aspire/system/Database/MySQLi/Connection.php(331): mysqli->query('SELECT `DISTINC...')
#1 /home/vinnyvinny/code/projects/aspire/system/Database/BaseConnection.php(741): CodeIgniter\Database\MySQLi\Connection->execute('SELECT `DISTINC...')
#2 /home/vinnyvinny/code/projects/aspire/system/Database/BaseConnection.php(669): CodeIgniter\Database\BaseConnection->simpleQuery('SELECT `DISTINC...')
#3 /home/vinnyvinny/code/projects/aspire/system/Database/BaseBuilder.php(1860): CodeIgniter\Database\BaseConnection->query('SELECT `DISTINC...', Array, false)
#4 /home/vinnyvinny/code/projects/aspire/system/Model.php(1818): CodeIgniter\Database\BaseBuilder->get()
#5 /home/vinnyvinny/code/projects/aspire/app/Libraries/YearlyResults.php(229): CodeIgniter\Model->__call('get', Array)
#6 /home/vinnyvinny/code/projects/aspire/app/Libraries/YearlyResults.php(119): App\Libraries\YearlyResults->getSemesterExams('4', 548)
#7 /home/vinnyvinny/code/projects/aspire/app/Views/Academic/Ranking/get.php(19): App\Libraries\YearlyResults->getSemesterTotalResultsPerSubject('4', 548)
#8 /home/vinnyvinny/code/projects/aspire/system/View/View.php(246): include('/home/vinnyvinn...')
#9 /home/vinnyvinny/code/projects/aspire/system/Common.php(1119): CodeIgniter\View\View->render('Academic/Rankin...', Array, true)
#10 /home/vinnyvinny/code/projects/aspire/app/Controllers/Academic/Ranking.php(62): view('Academic/Rankin...', Array)
#11 /home/vinnyvinny/code/projects/aspire/system/CodeIgniter.php(920): App\Controllers\Academic\Ranking->get()
#12 /home/vinnyvinny/code/projects/aspire/system/CodeIgniter.php(406): CodeIgniter\CodeIgniter->runController(Object(App\Controllers\Academic\Ranking))
#13 /home/vinnyvinny/code/projects/aspire/system/CodeIgniter.php(314): CodeIgniter\CodeIgniter->handleRequest(NULL, Object(Config\Cache), false)
#14 /home/vinnyvinny/code/projects/aspire/index.php(48): CodeIgniter\CodeIgniter->run()
#15 {main}
ERROR - 2022-03-03 17:56:09 --> mysqli_sql_exception: You have an error in your SQL syntax; check the manual that corresponds to your MySQL server version for the right syntax to use near 'DISTINCT(exam)
FROM `mulla_exam_results`
WHERE `exam` IN ('14','15','16','17')
A' at line 1 in /home/vinnyvinny/code/projects/aspire/system/Database/MySQLi/Connection.php:331
Stack trace:
#0 /home/vinnyvinny/code/projects/aspire/system/Database/MySQLi/Connection.php(331): mysqli->query('SELECT `id`, DI...')
#1 /home/vinnyvinny/code/projects/aspire/system/Database/BaseConnection.php(741): CodeIgniter\Database\MySQLi\Connection->execute('SELECT `id`, DI...')
#2 /home/vinnyvinny/code/projects/aspire/system/Database/BaseConnection.php(669): CodeIgniter\Database\BaseConnection->simpleQuery('SELECT `id`, DI...')
#3 /home/vinnyvinny/code/projects/aspire/system/Database/BaseBuilder.php(1860): CodeIgniter\Database\BaseConnection->query('SELECT `id`, DI...', Array, false)
#4 /home/vinnyvinny/code/projects/aspire/system/Model.php(1818): CodeIgniter\Database\BaseBuilder->get()
#5 /home/vinnyvinny/code/projects/aspire/app/Libraries/YearlyResults.php(229): CodeIgniter\Model->__call('get', Array)
#6 /home/vinnyvinny/code/projects/aspire/app/Libraries/YearlyResults.php(119): App\Libraries\YearlyResults->getSemesterExams('4', 548)
#7 /home/vinnyvinny/code/projects/aspire/app/Views/Academic/Ranking/get.php(19): App\Libraries\YearlyResults->getSemesterTotalResultsPerSubject('4', 548)
#8 /home/vinnyvinny/code/projects/aspire/system/View/View.php(246): include('/home/vinnyvinn...')
#9 /home/vinnyvinny/code/projects/aspire/system/Common.php(1119): CodeIgniter\View\View->render('Academic/Rankin...', Array, true)
#10 /home/vinnyvinny/code/projects/aspire/app/Controllers/Academic/Ranking.php(62): view('Academic/Rankin...', Array)
#11 /home/vinnyvinny/code/projects/aspire/system/CodeIgniter.php(920): App\Controllers\Academic\Ranking->get()
#12 /home/vinnyvinny/code/projects/aspire/system/CodeIgniter.php(406): CodeIgniter\CodeIgniter->runController(Object(App\Controllers\Academic\Ranking))
#13 /home/vinnyvinny/code/projects/aspire/system/CodeIgniter.php(314): CodeIgniter\CodeIgniter->handleRequest(NULL, Object(Config\Cache), false)
#14 /home/vinnyvinny/code/projects/aspire/index.php(48): CodeIgniter\CodeIgniter->run()
#15 {main}
CRITICAL - 2022-03-03 17:56:09 --> You have an error in your SQL syntax; check the manual that corresponds to your MySQL server version for the right syntax to use near 'DISTINCT(exam)
FROM `mulla_exam_results`
WHERE `exam` IN ('14','15','16','17')
A' at line 1
#0 /home/vinnyvinny/code/projects/aspire/system/Database/MySQLi/Connection.php(331): mysqli->query('SELECT `id`, DI...')
#1 /home/vinnyvinny/code/projects/aspire/system/Database/BaseConnection.php(741): CodeIgniter\Database\MySQLi\Connection->execute('SELECT `id`, DI...')
#2 /home/vinnyvinny/code/projects/aspire/system/Database/BaseConnection.php(669): CodeIgniter\Database\BaseConnection->simpleQuery('SELECT `id`, DI...')
#3 /home/vinnyvinny/code/projects/aspire/system/Database/BaseBuilder.php(1860): CodeIgniter\Database\BaseConnection->query('SELECT `id`, DI...', Array, false)
#4 /home/vinnyvinny/code/projects/aspire/system/Model.php(1818): CodeIgniter\Database\BaseBuilder->get()
#5 /home/vinnyvinny/code/projects/aspire/app/Libraries/YearlyResults.php(229): CodeIgniter\Model->__call('get', Array)
#6 /home/vinnyvinny/code/projects/aspire/app/Libraries/YearlyResults.php(119): App\Libraries\YearlyResults->getSemesterExams('4', 548)
#7 /home/vinnyvinny/code/projects/aspire/app/Views/Academic/Ranking/get.php(19): App\Libraries\YearlyResults->getSemesterTotalResultsPerSubject('4', 548)
#8 /home/vinnyvinny/code/projects/aspire/system/View/View.php(246): include('/home/vinnyvinn...')
#9 /home/vinnyvinny/code/projects/aspire/system/Common.php(1119): CodeIgniter\View\View->render('Academic/Rankin...', Array, true)
#10 /home/vinnyvinny/code/projects/aspire/app/Controllers/Academic/Ranking.php(62): view('Academic/Rankin...', Array)
#11 /home/vinnyvinny/code/projects/aspire/system/CodeIgniter.php(920): App\Controllers\Academic\Ranking->get()
#12 /home/vinnyvinny/code/projects/aspire/system/CodeIgniter.php(406): CodeIgniter\CodeIgniter->runController(Object(App\Controllers\Academic\Ranking))
#13 /home/vinnyvinny/code/projects/aspire/system/CodeIgniter.php(314): CodeIgniter\CodeIgniter->handleRequest(NULL, Object(Config\Cache), false)
#14 /home/vinnyvinny/code/projects/aspire/index.php(48): CodeIgniter\CodeIgniter->run()
#15 {main}
CRITICAL - 2022-03-03 18:03:30 --> whereIn() expects $values to be of type array or closure
#0 /home/vinnyvinny/code/projects/aspire/system/Database/BaseBuilder.php(853): CodeIgniter\Database\BaseBuilder->_whereIn('id', '33895,37979,425...', false, 'AND ', NULL)
#1 /home/vinnyvinny/code/projects/aspire/system/Model.php(1818): CodeIgniter\Database\BaseBuilder->whereIn('id', '33895,37979,425...')
#2 /home/vinnyvinny/code/projects/aspire/app/Libraries/YearlyResults.php(235): CodeIgniter\Model->__call('whereIn', Array)
#3 /home/vinnyvinny/code/projects/aspire/app/Libraries/YearlyResults.php(119): App\Libraries\YearlyResults->getSemesterExams('4', 548)
#4 /home/vinnyvinny/code/projects/aspire/app/Views/Academic/Ranking/get.php(19): App\Libraries\YearlyResults->getSemesterTotalResultsPerSubject('4', 548)
#5 /home/vinnyvinny/code/projects/aspire/system/View/View.php(246): include('/home/vinnyvinn...')
#6 /home/vinnyvinny/code/projects/aspire/system/Common.php(1119): CodeIgniter\View\View->render('Academic/Rankin...', Array, true)
#7 /home/vinnyvinny/code/projects/aspire/app/Controllers/Academic/Ranking.php(62): view('Academic/Rankin...', Array)
#8 /home/vinnyvinny/code/projects/aspire/system/CodeIgniter.php(920): App\Controllers\Academic\Ranking->get()
#9 /home/vinnyvinny/code/projects/aspire/system/CodeIgniter.php(406): CodeIgniter\CodeIgniter->runController(Object(App\Controllers\Academic\Ranking))
#10 /home/vinnyvinny/code/projects/aspire/system/CodeIgniter.php(314): CodeIgniter\CodeIgniter->handleRequest(NULL, Object(Config\Cache), false)
#11 /home/vinnyvinny/code/projects/aspire/index.php(48): CodeIgniter\CodeIgniter->run()
#12 {main}
CRITICAL - 2022-03-03 18:04:18 --> whereIn() expects $values to be of type array or closure
#0 /home/vinnyvinny/code/projects/aspire/system/Database/BaseBuilder.php(853): CodeIgniter\Database\BaseBuilder->_whereIn('id', '33895,37979,425...', false, 'AND ', NULL)
#1 /home/vinnyvinny/code/projects/aspire/system/Model.php(1818): CodeIgniter\Database\BaseBuilder->whereIn('id', '33895,37979,425...')
#2 /home/vinnyvinny/code/projects/aspire/app/Libraries/YearlyResults.php(237): CodeIgniter\Model->__call('whereIn', Array)
#3 /home/vinnyvinny/code/projects/aspire/app/Libraries/YearlyResults.php(119): App\Libraries\YearlyResults->getSemesterExams('4', 548)
#4 /home/vinnyvinny/code/projects/aspire/app/Views/Academic/Ranking/get.php(19): App\Libraries\YearlyResults->getSemesterTotalResultsPerSubject('4', 548)
#5 /home/vinnyvinny/code/projects/aspire/system/View/View.php(246): include('/home/vinnyvinn...')
#6 /home/vinnyvinny/code/projects/aspire/system/Common.php(1119): CodeIgniter\View\View->render('Academic/Rankin...', Array, true)
#7 /home/vinnyvinny/code/projects/aspire/app/Controllers/Academic/Ranking.php(62): view('Academic/Rankin...', Array)
#8 /home/vinnyvinny/code/projects/aspire/system/CodeIgniter.php(920): App\Controllers\Academic\Ranking->get()
#9 /home/vinnyvinny/code/projects/aspire/system/CodeIgniter.php(406): CodeIgniter\CodeIgniter->runController(Object(App\Controllers\Academic\Ranking))
#10 /home/vinnyvinny/code/projects/aspire/system/CodeIgniter.php(314): CodeIgniter\CodeIgniter->handleRequest(NULL, Object(Config\Cache), false)
#11 /home/vinnyvinny/code/projects/aspire/index.php(48): CodeIgniter\CodeIgniter->run()
#12 {main}
ERROR - 2022-03-03 18:07:38 --> mysqli_sql_exception: You have an error in your SQL syntax; check the manual that corresponds to your MySQL server version for the right syntax to use near ')
AND `student` = '1415'
AND `subject` = '589'' at line 3 in /home/vinnyvinny/code/projects/aspire/system/Database/MySQLi/Connection.php:331
Stack trace:
#0 /home/vinnyvinny/code/projects/aspire/system/Database/MySQLi/Connection.php(331): mysqli->query('SELECT SUM(mark...')
#1 /home/vinnyvinny/code/projects/aspire/system/Database/BaseConnection.php(741): CodeIgniter\Database\MySQLi\Connection->execute('SELECT SUM(mark...')
#2 /home/vinnyvinny/code/projects/aspire/system/Database/BaseConnection.php(669): CodeIgniter\Database\BaseConnection->simpleQuery('SELECT SUM(mark...')
#3 /home/vinnyvinny/code/projects/aspire/system/Database/BaseBuilder.php(1860): CodeIgniter\Database\BaseConnection->query('SELECT SUM(mark...', Array, false)
#4 /home/vinnyvinny/code/projects/aspire/system/Model.php(1818): CodeIgniter\Database\BaseBuilder->get()
#5 /home/vinnyvinny/code/projects/aspire/app/Libraries/YearlyResults.php(235): CodeIgniter\Model->__call('get', Array)
#6 /home/vinnyvinny/code/projects/aspire/app/Libraries/YearlyResults.php(119): App\Libraries\YearlyResults->getSemesterExams('4', '589')
#7 /home/vinnyvinny/code/projects/aspire/app/Views/Academic/Ranking/get.php(24): App\Libraries\YearlyResults->getSemesterTotalResultsPerSubject('4', '589', '257')
#8 /home/vinnyvinny/code/projects/aspire/system/View/View.php(246): include('/home/vinnyvinn...')
#9 /home/vinnyvinny/code/projects/aspire/system/Common.php(1119): CodeIgniter\View\View->render('Academic/Rankin...', Array, true)
#10 /home/vinnyvinny/code/projects/aspire/app/Controllers/Academic/Ranking.php(62): view('Academic/Rankin...', Array)
#11 /home/vinnyvinny/code/projects/aspire/system/CodeIgniter.php(920): App\Controllers\Academic\Ranking->get()
#12 /home/vinnyvinny/code/projects/aspire/system/CodeIgniter.php(406): CodeIgniter\CodeIgniter->runController(Object(App\Controllers\Academic\Ranking))
#13 /home/vinnyvinny/code/projects/aspire/system/CodeIgniter.php(314): CodeIgniter\CodeIgniter->handleRequest(NULL, Object(Config\Cache), false)
#14 /home/vinnyvinny/code/projects/aspire/index.php(48): CodeIgniter\CodeIgniter->run()
#15 {main}
CRITICAL - 2022-03-03 18:07:38 --> You have an error in your SQL syntax; check the manual that corresponds to your MySQL server version for the right syntax to use near ')
AND `student` = '1415'
AND `subject` = '589'' at line 3
#0 /home/vinnyvinny/code/projects/aspire/system/Database/MySQLi/Connection.php(331): mysqli->query('SELECT SUM(mark...')
#1 /home/vinnyvinny/code/projects/aspire/system/Database/BaseConnection.php(741): CodeIgniter\Database\MySQLi\Connection->execute('SELECT SUM(mark...')
#2 /home/vinnyvinny/code/projects/aspire/system/Database/BaseConnection.php(669): CodeIgniter\Database\BaseConnection->simpleQuery('SELECT SUM(mark...')
#3 /home/vinnyvinny/code/projects/aspire/system/Database/BaseBuilder.php(1860): CodeIgniter\Database\BaseConnection->query('SELECT SUM(mark...', Array, false)
#4 /home/vinnyvinny/code/projects/aspire/system/Model.php(1818): CodeIgniter\Database\BaseBuilder->get()
#5 /home/vinnyvinny/code/projects/aspire/app/Libraries/YearlyResults.php(235): CodeIgniter\Model->__call('get', Array)
#6 /home/vinnyvinny/code/projects/aspire/app/Libraries/YearlyResults.php(119): App\Libraries\YearlyResults->getSemesterExams('4', '589')
#7 /home/vinnyvinny/code/projects/aspire/app/Views/Academic/Ranking/get.php(24): App\Libraries\YearlyResults->getSemesterTotalResultsPerSubject('4', '589', '257')
#8 /home/vinnyvinny/code/projects/aspire/system/View/View.php(246): include('/home/vinnyvinn...')
#9 /home/vinnyvinny/code/projects/aspire/system/Common.php(1119): CodeIgniter\View\View->render('Academic/Rankin...', Array, true)
#10 /home/vinnyvinny/code/projects/aspire/app/Controllers/Academic/Ranking.php(62): view('Academic/Rankin...', Array)
#11 /home/vinnyvinny/code/projects/aspire/system/CodeIgniter.php(920): App\Controllers\Academic\Ranking->get()
#12 /home/vinnyvinny/code/projects/aspire/system/CodeIgniter.php(406): CodeIgniter\CodeIgniter->runController(Object(App\Controllers\Academic\Ranking))
#13 /home/vinnyvinny/code/projects/aspire/system/CodeIgniter.php(314): CodeIgniter\CodeIgniter->handleRequest(NULL, Object(Config\Cache), false)
#14 /home/vinnyvinny/code/projects/aspire/index.php(48): CodeIgniter\CodeIgniter->run()
#15 {main}
ERROR - 2022-03-03 18:08:19 --> mysqli_sql_exception: You have an error in your SQL syntax; check the manual that corresponds to your MySQL server version for the right syntax to use near ')
AND `student` = '1415'
AND `subject` = '589'' at line 3 in /home/vinnyvinny/code/projects/aspire/system/Database/MySQLi/Connection.php:331
Stack trace:
#0 /home/vinnyvinny/code/projects/aspire/system/Database/MySQLi/Connection.php(331): mysqli->query('SELECT SUM(mark...')
#1 /home/vinnyvinny/code/projects/aspire/system/Database/BaseConnection.php(741): CodeIgniter\Database\MySQLi\Connection->execute('SELECT SUM(mark...')
#2 /home/vinnyvinny/code/projects/aspire/system/Database/BaseConnection.php(669): CodeIgniter\Database\BaseConnection->simpleQuery('SELECT SUM(mark...')
#3 /home/vinnyvinny/code/projects/aspire/system/Database/BaseBuilder.php(1860): CodeIgniter\Database\BaseConnection->query('SELECT SUM(mark...', Array, false)
#4 /home/vinnyvinny/code/projects/aspire/system/Model.php(1818): CodeIgniter\Database\BaseBuilder->get()
#5 /home/vinnyvinny/code/projects/aspire/app/Libraries/YearlyResults.php(235): CodeIgniter\Model->__call('get', Array)
#6 /home/vinnyvinny/code/projects/aspire/app/Libraries/YearlyResults.php(119): App\Libraries\YearlyResults->getSemesterExams('4', '589')
#7 /home/vinnyvinny/code/projects/aspire/app/Views/Academic/Ranking/get.php(24): App\Libraries\YearlyResults->getSemesterTotalResultsPerSubject('4', '589', '257')
#8 /home/vinnyvinny/code/projects/aspire/system/View/View.php(246): include('/home/vinnyvinn...')
#9 /home/vinnyvinny/code/projects/aspire/system/Common.php(1119): CodeIgniter\View\View->render('Academic/Rankin...', Array, true)
#10 /home/vinnyvinny/code/projects/aspire/app/Controllers/Academic/Ranking.php(62): view('Academic/Rankin...', Array)
#11 /home/vinnyvinny/code/projects/aspire/system/CodeIgniter.php(920): App\Controllers\Academic\Ranking->get()
#12 /home/vinnyvinny/code/projects/aspire/system/CodeIgniter.php(406): CodeIgniter\CodeIgniter->runController(Object(App\Controllers\Academic\Ranking))
#13 /home/vinnyvinny/code/projects/aspire/system/CodeIgniter.php(314): CodeIgniter\CodeIgniter->handleRequest(NULL, Object(Config\Cache), false)
#14 /home/vinnyvinny/code/projects/aspire/index.php(48): CodeIgniter\CodeIgniter->run()
#15 {main}
CRITICAL - 2022-03-03 18:08:19 --> You have an error in your SQL syntax; check the manual that corresponds to your MySQL server version for the right syntax to use near ')
AND `student` = '1415'
AND `subject` = '589'' at line 3
#0 /home/vinnyvinny/code/projects/aspire/system/Database/MySQLi/Connection.php(331): mysqli->query('SELECT SUM(mark...')
#1 /home/vinnyvinny/code/projects/aspire/system/Database/BaseConnection.php(741): CodeIgniter\Database\MySQLi\Connection->execute('SELECT SUM(mark...')
#2 /home/vinnyvinny/code/projects/aspire/system/Database/BaseConnection.php(669): CodeIgniter\Database\BaseConnection->simpleQuery('SELECT SUM(mark...')
#3 /home/vinnyvinny/code/projects/aspire/system/Database/BaseBuilder.php(1860): CodeIgniter\Database\BaseConnection->query('SELECT SUM(mark...', Array, false)
#4 /home/vinnyvinny/code/projects/aspire/system/Model.php(1818): CodeIgniter\Database\BaseBuilder->get()
#5 /home/vinnyvinny/code/projects/aspire/app/Libraries/YearlyResults.php(235): CodeIgniter\Model->__call('get', Array)
#6 /home/vinnyvinny/code/projects/aspire/app/Libraries/YearlyResults.php(119): App\Libraries\YearlyResults->getSemesterExams('4', '589')
#7 /home/vinnyvinny/code/projects/aspire/app/Views/Academic/Ranking/get.php(24): App\Libraries\YearlyResults->getSemesterTotalResultsPerSubject('4', '589', '257')
#8 /home/vinnyvinny/code/projects/aspire/system/View/View.php(246): include('/home/vinnyvinn...')
#9 /home/vinnyvinny/code/projects/aspire/system/Common.php(1119): CodeIgniter\View\View->render('Academic/Rankin...', Array, true)
#10 /home/vinnyvinny/code/projects/aspire/app/Controllers/Academic/Ranking.php(62): view('Academic/Rankin...', Array)
#11 /home/vinnyvinny/code/projects/aspire/system/CodeIgniter.php(920): App\Controllers\Academic\Ranking->get()
#12 /home/vinnyvinny/code/projects/aspire/system/CodeIgniter.php(406): CodeIgniter\CodeIgniter->runController(Object(App\Controllers\Academic\Ranking))
#13 /home/vinnyvinny/code/projects/aspire/system/CodeIgniter.php(314): CodeIgniter\CodeIgniter->handleRequest(NULL, Object(Config\Cache), false)
#14 /home/vinnyvinny/code/projects/aspire/index.php(48): CodeIgniter\CodeIgniter->run()
#15 {main}
