ERROR - 2022-03-02 09:30:40 --> mysqli_sql_exception: Expression #1 of SELECT list is not in GROUP BY clause and contains nonaggregated column 'aspire_db.mulla_attendance.id' which is not functionally dependent on columns in GROUP BY clause; this is incompatible with sql_mode=only_full_group_by in /home/vinnyvinny/code/projects/aspire/system/Database/MySQLi/Connection.php:331
Stack trace:
#0 /home/vinnyvinny/code/projects/aspire/system/Database/MySQLi/Connection.php(331): mysqli->query('SELECT *\nFROM `...')
#1 /home/vinnyvinny/code/projects/aspire/system/Database/BaseConnection.php(741): CodeIgniter\Database\MySQLi\Connection->execute('SELECT *\nFROM `...')
#2 /home/vinnyvinny/code/projects/aspire/system/Database/BaseConnection.php(669): CodeIgniter\Database\BaseConnection->simpleQuery('SELECT *\nFROM `...')
#3 /home/vinnyvinny/code/projects/aspire/system/Database/BaseBuilder.php(1860): CodeIgniter\Database\BaseConnection->query('SELECT *\nFROM `...', Array, false)
#4 /home/vinnyvinny/code/projects/aspire/system/Model.php(1818): CodeIgniter\Database\BaseBuilder->get()
#5 /home/vinnyvinny/code/projects/aspire/app/Controllers/Admin/Dashboard.php(68): CodeIgniter\Model->__call('get', Array)
#6 /home/vinnyvinny/code/projects/aspire/app/Controllers/Admin/Dashboard.php(36): App\Controllers\Admin\Dashboard->attendance()
#7 /home/vinnyvinny/code/projects/aspire/system/CodeIgniter.php(920): App\Controllers\Admin\Dashboard->getNotifications()
#8 /home/vinnyvinny/code/projects/aspire/system/CodeIgniter.php(406): CodeIgniter\CodeIgniter->runController(Object(App\Controllers\Admin\Dashboard))
#9 /home/vinnyvinny/code/projects/aspire/system/CodeIgniter.php(314): CodeIgniter\CodeIgniter->handleRequest(NULL, Object(Config\Cache), false)
#10 /home/vinnyvinny/code/projects/aspire/index.php(48): CodeIgniter\CodeIgniter->run()
#11 {main}
CRITICAL - 2022-03-02 09:30:40 --> Expression #1 of SELECT list is not in GROUP BY clause and contains nonaggregated column 'aspire_db.mulla_attendance.id' which is not functionally dependent on columns in GROUP BY clause; this is incompatible with sql_mode=only_full_group_by
#0 /home/vinnyvinny/code/projects/aspire/system/Database/MySQLi/Connection.php(331): mysqli->query('SELECT *\nFROM `...')
#1 /home/vinnyvinny/code/projects/aspire/system/Database/BaseConnection.php(741): CodeIgniter\Database\MySQLi\Connection->execute('SELECT *\nFROM `...')
#2 /home/vinnyvinny/code/projects/aspire/system/Database/BaseConnection.php(669): CodeIgniter\Database\BaseConnection->simpleQuery('SELECT *\nFROM `...')
#3 /home/vinnyvinny/code/projects/aspire/system/Database/BaseBuilder.php(1860): CodeIgniter\Database\BaseConnection->query('SELECT *\nFROM `...', Array, false)
#4 /home/vinnyvinny/code/projects/aspire/system/Model.php(1818): CodeIgniter\Database\BaseBuilder->get()
#5 /home/vinnyvinny/code/projects/aspire/app/Controllers/Admin/Dashboard.php(68): CodeIgniter\Model->__call('get', Array)
#6 /home/vinnyvinny/code/projects/aspire/app/Controllers/Admin/Dashboard.php(36): App\Controllers\Admin\Dashboard->attendance()
#7 /home/vinnyvinny/code/projects/aspire/system/CodeIgniter.php(920): App\Controllers\Admin\Dashboard->getNotifications()
#8 /home/vinnyvinny/code/projects/aspire/system/CodeIgniter.php(406): CodeIgniter\CodeIgniter->runController(Object(App\Controllers\Admin\Dashboard))
#9 /home/vinnyvinny/code/projects/aspire/system/CodeIgniter.php(314): CodeIgniter\CodeIgniter->handleRequest(NULL, Object(Config\Cache), false)
#10 /home/vinnyvinny/code/projects/aspire/index.php(48): CodeIgniter\CodeIgniter->run()
#11 {main}
ERROR - 2022-03-02 09:34:23 --> mysqli_sql_exception: Unknown column 'semester' in 'where clause' in /home/vinnyvinny/code/projects/aspire/system/Database/MySQLi/Connection.php:331
Stack trace:
#0 /home/vinnyvinny/code/projects/aspire/system/Database/MySQLi/Connection.php(331): mysqli->query('SELECT *\nFROM `...')
#1 /home/vinnyvinny/code/projects/aspire/system/Database/BaseConnection.php(741): CodeIgniter\Database\MySQLi\Connection->execute('SELECT *\nFROM `...')
#2 /home/vinnyvinny/code/projects/aspire/system/Database/BaseConnection.php(669): CodeIgniter\Database\BaseConnection->simpleQuery('SELECT *\nFROM `...')
#3 /home/vinnyvinny/code/projects/aspire/system/Database/BaseBuilder.php(1860): CodeIgniter\Database\BaseConnection->query('SELECT *\nFROM `...', Array, false)
#4 /home/vinnyvinny/code/projects/aspire/system/Model.php(462): CodeIgniter\Database\BaseBuilder->get()
#5 /home/vinnyvinny/code/projects/aspire/app/Helpers/school_helper.php(37): CodeIgniter\Model->findAll()
#6 /home/vinnyvinny/code/projects/aspire/app/Views/Academic/Ranking/analysis/get_others.php(206): boysDeparture('79', '4')
#7 /home/vinnyvinny/code/projects/aspire/system/View/View.php(246): include('/home/vinnyvinn...')
#8 /home/vinnyvinny/code/projects/aspire/system/Common.php(1119): CodeIgniter\View\View->render('Academic/Rankin...', Array, true)
#9 /home/vinnyvinny/code/projects/aspire/app/Controllers/Academic/Ranking.php(161): view('Academic/Rankin...', Array)
#10 /home/vinnyvinny/code/projects/aspire/system/CodeIgniter.php(920): App\Controllers\Academic\Ranking->getAnalysisOthers()
#11 /home/vinnyvinny/code/projects/aspire/system/CodeIgniter.php(406): CodeIgniter\CodeIgniter->runController(Object(App\Controllers\Academic\Ranking))
#12 /home/vinnyvinny/code/projects/aspire/system/CodeIgniter.php(314): CodeIgniter\CodeIgniter->handleRequest(NULL, Object(Config\Cache), false)
#13 /home/vinnyvinny/code/projects/aspire/index.php(48): CodeIgniter\CodeIgniter->run()
#14 {main}
CRITICAL - 2022-03-02 09:34:23 --> Unknown column 'semester' in 'where clause'
#0 /home/vinnyvinny/code/projects/aspire/system/Database/MySQLi/Connection.php(331): mysqli->query('SELECT *\nFROM `...')
#1 /home/vinnyvinny/code/projects/aspire/system/Database/BaseConnection.php(741): CodeIgniter\Database\MySQLi\Connection->execute('SELECT *\nFROM `...')
#2 /home/vinnyvinny/code/projects/aspire/system/Database/BaseConnection.php(669): CodeIgniter\Database\BaseConnection->simpleQuery('SELECT *\nFROM `...')
#3 /home/vinnyvinny/code/projects/aspire/system/Database/BaseBuilder.php(1860): CodeIgniter\Database\BaseConnection->query('SELECT *\nFROM `...', Array, false)
#4 /home/vinnyvinny/code/projects/aspire/system/Model.php(462): CodeIgniter\Database\BaseBuilder->get()
#5 /home/vinnyvinny/code/projects/aspire/app/Helpers/school_helper.php(37): CodeIgniter\Model->findAll()
#6 /home/vinnyvinny/code/projects/aspire/app/Views/Academic/Ranking/analysis/get_others.php(206): boysDeparture('79', '4')
#7 /home/vinnyvinny/code/projects/aspire/system/View/View.php(246): include('/home/vinnyvinn...')
#8 /home/vinnyvinny/code/projects/aspire/system/Common.php(1119): CodeIgniter\View\View->render('Academic/Rankin...', Array, true)
#9 /home/vinnyvinny/code/projects/aspire/app/Controllers/Academic/Ranking.php(161): view('Academic/Rankin...', Array)
#10 /home/vinnyvinny/code/projects/aspire/system/CodeIgniter.php(920): App\Controllers\Academic\Ranking->getAnalysisOthers()
#11 /home/vinnyvinny/code/projects/aspire/system/CodeIgniter.php(406): CodeIgniter\CodeIgniter->runController(Object(App\Controllers\Academic\Ranking))
#12 /home/vinnyvinny/code/projects/aspire/system/CodeIgniter.php(314): CodeIgniter\CodeIgniter->handleRequest(NULL, Object(Config\Cache), false)
#13 /home/vinnyvinny/code/projects/aspire/index.php(48): CodeIgniter\CodeIgniter->run()
#14 {main}
ERROR - 2022-03-02 09:34:41 --> mysqli_sql_exception: Unknown column 'semester' in 'where clause' in /home/vinnyvinny/code/projects/aspire/system/Database/MySQLi/Connection.php:331
Stack trace:
#0 /home/vinnyvinny/code/projects/aspire/system/Database/MySQLi/Connection.php(331): mysqli->query('SELECT *\nFROM `...')
#1 /home/vinnyvinny/code/projects/aspire/system/Database/BaseConnection.php(741): CodeIgniter\Database\MySQLi\Connection->execute('SELECT *\nFROM `...')
#2 /home/vinnyvinny/code/projects/aspire/system/Database/BaseConnection.php(669): CodeIgniter\Database\BaseConnection->simpleQuery('SELECT *\nFROM `...')
#3 /home/vinnyvinny/code/projects/aspire/system/Database/BaseBuilder.php(1860): CodeIgniter\Database\BaseConnection->query('SELECT *\nFROM `...', Array, false)
#4 /home/vinnyvinny/code/projects/aspire/system/Model.php(462): CodeIgniter\Database\BaseBuilder->get()
#5 /home/vinnyvinny/code/projects/aspire/app/Helpers/school_helper.php(37): CodeIgniter\Model->findAll()
#6 /home/vinnyvinny/code/projects/aspire/app/Views/Academic/Ranking/analysis/get_others.php(206): boysDeparture('79', '4')
#7 /home/vinnyvinny/code/projects/aspire/system/View/View.php(246): include('/home/vinnyvinn...')
#8 /home/vinnyvinny/code/projects/aspire/system/Common.php(1119): CodeIgniter\View\View->render('Academic/Rankin...', Array, true)
#9 /home/vinnyvinny/code/projects/aspire/app/Controllers/Academic/Ranking.php(161): view('Academic/Rankin...', Array)
#10 /home/vinnyvinny/code/projects/aspire/system/CodeIgniter.php(920): App\Controllers\Academic\Ranking->getAnalysisOthers()
#11 /home/vinnyvinny/code/projects/aspire/system/CodeIgniter.php(406): CodeIgniter\CodeIgniter->runController(Object(App\Controllers\Academic\Ranking))
#12 /home/vinnyvinny/code/projects/aspire/system/CodeIgniter.php(314): CodeIgniter\CodeIgniter->handleRequest(NULL, Object(Config\Cache), false)
#13 /home/vinnyvinny/code/projects/aspire/index.php(48): CodeIgniter\CodeIgniter->run()
#14 {main}
CRITICAL - 2022-03-02 09:34:41 --> Unknown column 'semester' in 'where clause'
#0 /home/vinnyvinny/code/projects/aspire/system/Database/MySQLi/Connection.php(331): mysqli->query('SELECT *\nFROM `...')
#1 /home/vinnyvinny/code/projects/aspire/system/Database/BaseConnection.php(741): CodeIgniter\Database\MySQLi\Connection->execute('SELECT *\nFROM `...')
#2 /home/vinnyvinny/code/projects/aspire/system/Database/BaseConnection.php(669): CodeIgniter\Database\BaseConnection->simpleQuery('SELECT *\nFROM `...')
#3 /home/vinnyvinny/code/projects/aspire/system/Database/BaseBuilder.php(1860): CodeIgniter\Database\BaseConnection->query('SELECT *\nFROM `...', Array, false)
#4 /home/vinnyvinny/code/projects/aspire/system/Model.php(462): CodeIgniter\Database\BaseBuilder->get()
#5 /home/vinnyvinny/code/projects/aspire/app/Helpers/school_helper.php(37): CodeIgniter\Model->findAll()
#6 /home/vinnyvinny/code/projects/aspire/app/Views/Academic/Ranking/analysis/get_others.php(206): boysDeparture('79', '4')
#7 /home/vinnyvinny/code/projects/aspire/system/View/View.php(246): include('/home/vinnyvinn...')
#8 /home/vinnyvinny/code/projects/aspire/system/Common.php(1119): CodeIgniter\View\View->render('Academic/Rankin...', Array, true)
#9 /home/vinnyvinny/code/projects/aspire/app/Controllers/Academic/Ranking.php(161): view('Academic/Rankin...', Array)
#10 /home/vinnyvinny/code/projects/aspire/system/CodeIgniter.php(920): App\Controllers\Academic\Ranking->getAnalysisOthers()
#11 /home/vinnyvinny/code/projects/aspire/system/CodeIgniter.php(406): CodeIgniter\CodeIgniter->runController(Object(App\Controllers\Academic\Ranking))
#12 /home/vinnyvinny/code/projects/aspire/system/CodeIgniter.php(314): CodeIgniter\CodeIgniter->handleRequest(NULL, Object(Config\Cache), false)
#13 /home/vinnyvinny/code/projects/aspire/index.php(48): CodeIgniter\CodeIgniter->run()
#14 {main}
CRITICAL - 2022-03-02 16:02:30 --> Undefined offset: 74
#0 /home/vinnyvinny/code/projects/aspire/app/Views/Academic/Ranking/analysis/get_others.php(53): CodeIgniter\Debug\Exceptions->errorHandler(8, 'Undefined offse...', '/home/vinnyvinn...', 53, Array)
#1 /home/vinnyvinny/code/projects/aspire/system/View/View.php(246): include('/home/vinnyvinn...')
#2 /home/vinnyvinny/code/projects/aspire/system/Common.php(1119): CodeIgniter\View\View->render('Academic/Rankin...', Array, true)
#3 /home/vinnyvinny/code/projects/aspire/app/Controllers/Academic/Ranking.php(161): view('Academic/Rankin...', Array)
#4 /home/vinnyvinny/code/projects/aspire/system/CodeIgniter.php(920): App\Controllers\Academic\Ranking->getAnalysisOthers()
#5 /home/vinnyvinny/code/projects/aspire/system/CodeIgniter.php(406): CodeIgniter\CodeIgniter->runController(Object(App\Controllers\Academic\Ranking))
#6 /home/vinnyvinny/code/projects/aspire/system/CodeIgniter.php(314): CodeIgniter\CodeIgniter->handleRequest(NULL, Object(Config\Cache), false)
#7 /home/vinnyvinny/code/projects/aspire/index.php(48): CodeIgniter\CodeIgniter->run()
#8 {main}
